"E:/Projects/GarlicGames/ld32/LD32.uproject" 1
"../../../Engine/Plugins/2D/Paper2D/Paper2D.uplugin" 2
"../../../Engine/Plugins/Developer/BlankPlugin/BlankPlugin.uplugin" 3
"../../../Engine/Plugins/Developer/GitSourceControl/GitSourceControl.uplugin" 4
"../../../Engine/Plugins/Developer/KDevelopSourceCodeAccess/KDevelopSourceCodeAccess.uplugin" 5
"../../../Engine/Plugins/Developer/PerforceSourceControl/PerforceSourceControl.uplugin" 6
"../../../Engine/Plugins/Developer/SubversionSourceControl/SubversionSourceControl.uplugin" 7
"../../../Engine/Plugins/Developer/UObjectPlugin/UObjectPlugin.uplugin" 8
"../../../Engine/Plugins/Developer/VisualStudioSourceCodeAccess/VisualStudioSourceCodeAccess.uplugin" 9
"../../../Engine/Plugins/Developer/XCodeSourceCodeAccess/XCodeSourceCodeAccess.uplugin" 10
"../../../Engine/Plugins/Editor/EpicSurvey/EpicSurvey.uplugin" 11
"../../../Engine/Plugins/Editor/MacGraphicsSwitching/MacGraphicsSwitching.uplugin" 12
"../../../Engine/Plugins/Editor/PluginsEditor/PluginsEditor.uplugin" 13
"../../../Engine/Plugins/Editor/SpeedTreeImporter/SpeedTreeImporter.uplugin" 14
"../../../Engine/Plugins/Experimental/BlueprintStats/BlueprintStats.uplugin" 15
"../../../Engine/Plugins/Experimental/CharacterAI/CharacterAI.uplugin" 16
"../../../Engine/Plugins/Experimental/CodeView/CodeView.uplugin" 17
"../../../Engine/Plugins/Experimental/LiveEditor/LiveEditor.uplugin" 18
"../../../Engine/Plugins/Experimental/Phya/Phya.uplugin" 19
"../../../Engine/Plugins/Experimental/SimpleHMD/SimpleHMD.uplugin" 20
"../../../Engine/Plugins/Experimental/SteamVR/SteamVR.uplugin" 21
"../../../Engine/Plugins/Media/AndroidMedia/AndroidMedia.uplugin" 22
"../../../Engine/Plugins/Media/AvfMedia/AvfMedia.uplugin" 23
"../../../Engine/Plugins/Media/MediaPlayerEditor/MediaPlayerEditor.uplugin" 24
"../../../Engine/Plugins/Media/WmfMedia/WmfMedia.uplugin" 25
"../../../Engine/Plugins/Messaging/MessagingDebugger/MessagingDebugger.uplugin" 26
"../../../Engine/Plugins/Messaging/ShmMessaging/ShmMessaging.uplugin" 27
"../../../Engine/Plugins/Messaging/UdpMessaging/UdpMessaging.uplugin" 28
"../../../Engine/Plugins/Runtime/Advertising/IOSTapJoy/IOSTapJoy.uplugin" 29
"../../../Engine/Plugins/Runtime/Analytics/AnalyticsBlueprintLibrary/AnalyticsBlueprintLibrary.uplugin" 30
"../../../Engine/Plugins/Runtime/Analytics/Apsalar/IOSApsalar/IOSApsalar.uplugin" 31
"../../../Engine/Plugins/Runtime/Analytics/FileLogging/FileLogging.uplugin" 32
"../../../Engine/Plugins/Runtime/AndroidDeviceProfileSelector/AndroidDeviceProfileSelector.uplugin" 33
"../../../Engine/Plugins/Runtime/AndroidMoviePlayer/AndroidMoviePlayer.uplugin" 34
"../../../Engine/Plugins/Runtime/AppleMoviePlayer/AppleMoviePlayer.uplugin" 35
"../../../Engine/Plugins/Runtime/CableComponent/CableComponent.uplugin" 36
"../../../Engine/Plugins/Runtime/CustomMeshComponent/CustomMeshComponent.uplugin" 37
"../../../Engine/Plugins/Runtime/ExampleDeviceProfileSelector/ExampleDeviceProfileSelector.uplugin" 38
"../../../Engine/Plugins/Runtime/GearVR/GearVR.uplugin" 39
"../../../Engine/Plugins/Runtime/IOSDeviceProfileSelector/IOSDeviceProfileSelector.uplugin" 40
"../../../Engine/Plugins/Runtime/LiveEditorListenServer/LiveEditorListenServer.uplugin" 41
"../../../Engine/Plugins/Runtime/OculusRift/OculusRift.uplugin" 42
"../../../Engine/Plugins/Runtime/SoundMod/SoundMod.uplugin" 43
"../../../Engine/Plugins/Runtime/SoundVisualizations/SoundVisualizations.uplugin" 44
"../../../Engine/Plugins/Runtime/TwitchLiveStreaming/TwitchLiveStreaming.uplugin" 45
"../../../Engine/Plugins/Runtime/WindowsDeviceProfileSelector/WindowsDeviceProfileSelector.uplugin" 46
"../../../Engine/Plugins/Runtime/WindowsMoviePlayer/WindowsMoviePlayer.uplugin" 47
"../../../Engine/Plugins/ScriptGeneratorPlugin/ScriptGeneratorPlugin.uplugin" 48
"../../../Engine/Plugins/ScriptPlugin/ScriptPlugin.uplugin" 49
"../../../Engine/Plugins/Slate/SlateRemote/SlateRemote.uplugin" 50
"..\..\..\Engine\Content\Internationalization\icudt53l\cnvalias.icu" 51
"..\..\..\Engine\Content\Internationalization\icudt53l\en_US_POSIX.res" 52
"..\..\..\Engine\Content\Internationalization\icudt53l\pool.res" 53
"..\..\..\Engine\Content\Internationalization\icudt53l\en_US.res" 54
"..\..\..\Engine\Content\Internationalization\icudt53l\en.res" 55
"..\..\..\Engine\Content\Internationalization\icudt53l\root.res" 56
"..\..\..\Engine\Content\Internationalization\icudt53l\coll\ucadata.icu" 57
"..\..\..\Engine\Content\Internationalization\icudt53l\nfc.nrm" 58
"..\..\..\Engine\Content\Internationalization\icudt53l\coll\en_US_POSIX.res" 59
"..\..\..\Engine\Content\Internationalization\icudt53l\coll\en_US.res" 60
"..\..\..\Engine\Content\Internationalization\icudt53l\coll\en.res" 61
"..\..\..\Engine\Content\Internationalization\icudt53l\coll\root.res" 62
"..\..\..\Engine\Content\Internationalization\icudt53l\numberingSystems.res" 63
"..\..\..\Engine\Content\Internationalization\icudt53l\curr\supplementalData.res" 64
"..\..\..\Engine\Content\Internationalization\icudt53l\curr\pool.res" 65
"..\..\..\Engine\Content\Internationalization\icudt53l\curr\en.res" 66
"..\..\..\Engine\Content\Internationalization\icudt53l\curr\root.res" 67
"..\..\..\Engine\Content\Internationalization\icudt53l\en_GB.res" 68
"..\..\..\Engine\Content\Internationalization\icudt53l\en_001.res" 69
"..\..\..\Engine\Content\Internationalization\icudt53l\plurals.res" 70
"..\..\..\Engine\Content\Internationalization\icudt53l\windowsZones.res" 71
"..\..\..\Engine\Content\Internationalization\icudt53l\zoneinfo64.res" 72
"..\..\..\Engine\Content\Internationalization\icudt53l\keyTypeData.res" 73
"..\..\..\Engine\Content\Internationalization\icudt53l\timezoneTypes.res" 74
"..\..\..\Engine\Content\Internationalization\icudt53l\supplementalData.res" 75
"..\..\..\Engine\Content\Internationalization\icudt53l\likelySubtags.res" 76
"..\..\..\Engine\Content\Internationalization\icudt53l\curr\en_GB.res" 77
"..\..\..\Engine\Content\Internationalization\icudt53l\curr\en_001.res" 78
"../../../Engine/Config/Base.ini" 79
"../../../Engine/Config/BaseEngine.ini" 80
"E:/Projects/GarlicGames/ld32/Config/DefaultEngine.ini" 81
"../../../Engine/Config/Windows/WindowsEngine.ini" 82
"E:/Projects/GarlicGames/ld32/Saved/Config/Windows/Engine.ini" 83
"E:/Projects/GarlicGames/ld32/Intermediate/Config/CoalescedSourceConfigs/Engine.ini" 84
"../../../Engine/Config/BaseGame.ini" 85
"E:/Projects/GarlicGames/ld32/Config/DefaultGame.ini" 86
"E:/Projects/GarlicGames/ld32/Saved/Config/Windows/Game.ini" 87
"E:/Projects/GarlicGames/ld32/Intermediate/Config/CoalescedSourceConfigs/Game.ini" 88
"../../../Engine/Config/BaseInput.ini" 89
"E:/Projects/GarlicGames/ld32/Config/DefaultInput.ini" 90
"E:/Projects/GarlicGames/ld32/Saved/Config/Windows/Input.ini" 91
"E:/Projects/GarlicGames/ld32/Intermediate/Config/CoalescedSourceConfigs/Input.ini" 92
"../../../Engine/Config/BaseEditor.ini" 93
"E:/Projects/GarlicGames/ld32/Config/DefaultEditor.ini" 94
"E:/Projects/GarlicGames/ld32/Saved/Config/Windows/Editor.ini" 95
"E:/Projects/GarlicGames/ld32/Intermediate/Config/CoalescedSourceConfigs/Editor.ini" 96
"../../../Engine/Config/BaseEditorLayout.ini" 97
"E:/Projects/GarlicGames/ld32/Saved/Config/Windows/EditorLayout.ini" 98
"E:/Projects/GarlicGames/ld32/Intermediate/Config/CoalescedSourceConfigs/EditorLayout.ini" 99
"../../../Engine/Config/BaseEditorUserSettings.ini" 100
"E:/Projects/GarlicGames/ld32/Saved/Config/Windows/EditorUserSettings.ini" 101
"E:/Projects/GarlicGames/ld32/Intermediate/Config/CoalescedSourceConfigs/EditorUserSettings.ini" 102
"../../../Engine/Config/BaseEditorKeyBindings.ini" 103
"E:/Projects/GarlicGames/ld32/Saved/Config/Windows/EditorKeyBindings.ini" 104
"E:/Projects/GarlicGames/ld32/Intermediate/Config/CoalescedSourceConfigs/EditorKeyBindings.ini" 105
"../../../Engine/Config/BaseCompat.ini" 106
"E:/Projects/GarlicGames/ld32/Saved/Config/Windows/Compat.ini" 107
"E:/Projects/GarlicGames/ld32/Intermediate/Config/CoalescedSourceConfigs/Compat.ini" 108
"../../../Engine/Config/BaseLightmass.ini" 109
"E:/Projects/GarlicGames/ld32/Saved/Config/Windows/Lightmass.ini" 110
"E:/Projects/GarlicGames/ld32/Intermediate/Config/CoalescedSourceConfigs/Lightmass.ini" 111
"../../../Engine/Config/BaseScalability.ini" 112
"E:/Projects/GarlicGames/ld32/Saved/Config/Windows/Scalability.ini" 113
"E:/Projects/GarlicGames/ld32/Intermediate/Config/CoalescedSourceConfigs/Scalability.ini" 114
"E:/Projects/GarlicGames/ld32/Saved/Config/Windows/GameUserSettings.ini" 115
"E:/Projects/GarlicGames/ld32/Intermediate/Config/CoalescedSourceConfigs/GameUserSettings.ini" 116
"../../../Engine/Config/BaseDeviceProfiles.ini" 117
"E:/Projects/GarlicGames/ld32/Saved/Config/Windows/DeviceProfiles.ini" 118
"E:/Projects/GarlicGames/ld32/Intermediate/Config/CoalescedSourceConfigs/DeviceProfiles.ini" 119
"../../../Engine/Config/ConsoleVariables.ini" 120
"..\..\..\Engine\Content\Internationalization\icudt53l\es.res" 121
"..\..\..\Engine\Content\Internationalization\icudt53l\coll\es.res" 122
"..\..\..\Engine\Content\Internationalization\icudt53l\curr\es.res" 123
"..\..\..\Engine\Content\Internationalization\icudt53l\es_ES.res" 124
"..\..\..\Engine\Content\Internationalization\icudt53l\ja.res" 125
"..\..\..\Engine\Content\Internationalization\icudt53l\coll\ja.res" 126
"..\..\..\Engine\Content\Internationalization\icudt53l\curr\ja.res" 127
"..\..\..\Engine\Content\Internationalization\icudt53l\ja_JP.res" 128
"..\..\..\Engine\Content\Internationalization\icudt53l\ko.res" 129
"..\..\..\Engine\Content\Internationalization\icudt53l\coll\ko.res" 130
"..\..\..\Engine\Content\Internationalization\icudt53l\curr\ko.res" 131
"..\..\..\Engine\Content\Internationalization\icudt53l\ko_KR.res" 132
"..\..\..\Engine\Content\Internationalization\icudt53l\pt_BR.res" 133
"..\..\..\Engine\Content\Internationalization\icudt53l\pt.res" 134
"..\..\..\Engine\Content\Internationalization\icudt53l\coll\pt.res" 135
"..\..\..\Engine\Content\Internationalization\icudt53l\curr\pt.res" 136
"..\..\..\Engine\Content\Internationalization\icudt53l\zh_CN.res" 137
"..\..\..\Engine\Content\Internationalization\icudt53l\zh_Hans_CN.res" 138
"..\..\..\Engine\Content\Internationalization\icudt53l\zh_Hans.res" 139
"..\..\..\Engine\Content\Internationalization\icudt53l\zh.res" 140
"..\..\..\Engine\Content\Internationalization\icudt53l\coll\zh_CN.res" 141
"..\..\..\Engine\Content\Internationalization\icudt53l\coll\zh_Hans_CN.res" 142
"..\..\..\Engine\Content\Internationalization\icudt53l\coll\zh_Hans.res" 143
"..\..\..\Engine\Content\Internationalization\icudt53l\coll\zh.res" 144
"..\..\..\Engine\Content\Internationalization\icudt53l\curr\zh_CN.res" 145
"..\..\..\Engine\Content\Internationalization\icudt53l\curr\zh_Hans_CN.res" 146
"..\..\..\Engine\Content\Internationalization\icudt53l\curr\zh_Hans.res" 147
"..\..\..\Engine\Content\Internationalization\icudt53l\curr\zh.res" 148
"D:/Program Files/Epic Games/4.7/Engine/Content/Localization/Editor/en/Editor.locres" 149
"D:/Program Files/Epic Games/4.7/Engine/Content/Localization/EditorTutorials/en/EditorTutorials.locres" 150
"D:/Program Files/Epic Games/4.7/Engine/Content/Localization/Engine/en/Engine.locres" 151
"../../../Engine/Content/Slate/Fonts/Roboto-Regular.ttf" 152
"../../../Engine/Content/Slate/Fonts/DroidSansMono.ttf" 153
"../../../Engine/Content/Slate/Fonts/Roboto-Bold.ttf" 154
"../../../Engine/Content/Slate/Fonts/Roboto-Light.ttf" 155
"D:/Program Files/Epic Games/4.7/Engine/Binaries/Win64/../../../Engine/Shaders/ParticleSpriteVertexFactory.usf" 156
"D:/Program Files/Epic Games/4.7/Engine/Binaries/Win64/../../../Engine/Shaders/VertexFactoryCommon.usf" 157
"D:/Program Files/Epic Games/4.7/Engine/Binaries/Win64/../../../Engine/Shaders/Common.usf" 158
"D:/Program Files/Epic Games/4.7/Engine/Binaries/Win64/../../../Engine/Shaders/MetalCommon.usf" 159
"D:/Program Files/Epic Games/4.7/Engine/Binaries/Win64/../../../Engine/Shaders/ShaderVersion.usf" 160
"D:/Program Files/Epic Games/4.7/Engine/Binaries/Win64/../../../Engine/Shaders/Definitions.usf" 161
"D:/Program Files/Epic Games/4.7/Engine/Binaries/Win64/../../../Engine/Shaders/Random.usf" 162
"D:/Program Files/Epic Games/4.7/Engine/Binaries/Win64/../../../Engine/Shaders/ParticleVertexFactoryCommon.usf" 163
"D:/Program Files/Epic Games/4.7/Engine/Binaries/Win64/../../../Engine/Shaders/ParticleGPUSpriteVertexFactory.usf" 164
"D:/Program Files/Epic Games/4.7/Engine/Binaries/Win64/../../../Engine/Shaders/ParticleBeamTrailVertexFactory.usf" 165
"D:/Program Files/Epic Games/4.7/Engine/Binaries/Win64/../../../Engine/Shaders/VectorFieldVisualizationVertexFactory.usf" 166
"D:/Program Files/Epic Games/4.7/Engine/Binaries/Win64/../../../Engine/Shaders/LocalVertexFactory.usf" 167
"D:/Program Files/Epic Games/4.7/Engine/Binaries/Win64/../../../Engine/Shaders/LocalVertexFactoryCommon.usf" 168
"D:/Program Files/Epic Games/4.7/Engine/Binaries/Win64/../../../Engine/Shaders/MeshParticleVertexFactory.usf" 169
"D:/Program Files/Epic Games/4.7/Engine/Binaries/Win64/../../../Engine/Shaders/GpuSkinVertexFactory.usf" 170
"D:/Program Files/Epic Games/4.7/Engine/Binaries/Win64/../../../Engine/Shaders/GpuSkinCacheCommon.usf" 171
"D:/Program Files/Epic Games/4.7/Engine/Binaries/Win64/../../../Engine/Shaders/LandscapeVertexFactory.usf" 172
"D:/Program Files/Epic Games/4.7/Engine/Binaries/Win64/../../../Engine/Shaders/SlateElementPixelShader.usf" 173
"D:/Program Files/Epic Games/4.7/Engine/Binaries/Win64/../../../Engine/Shaders/MaterialTemplate.usf" 174
"D:/Program Files/Epic Games/4.7/Engine/Binaries/Win64/../../../Engine/Shaders/DepthOfFieldCommon.usf" 175
"D:/Program Files/Epic Games/4.7/Engine/Binaries/Win64/../../../Engine/Shaders/SpeedTreeCommon.usf" 176
"D:/Program Files/Epic Games/4.7/Engine/Binaries/Win64/../../../Engine/Shaders/AtmosphereCommon.usf" 177
"D:/Program Files/Epic Games/4.7/Engine/Binaries/Win64/../../../Engine/Shaders/PostProcessCommon.usf" 178
"D:/Program Files/Epic Games/4.7/Engine/Binaries/Win64/../../../Engine/Shaders/DeferredShadingCommon.usf" 179
"D:/Program Files/Epic Games/4.7/Engine/Binaries/Win64/../../../Engine/Shaders/LightAccumulator.usf" 180
"D:/Program Files/Epic Games/4.7/Engine/Binaries/Win64/../../../Engine/Shaders/SlateVertexShader.usf" 181
"D:/Program Files/Epic Games/4.7/Engine/Binaries/Win64/../../../Engine/Shaders/OneColorShader.usf" 182
"D:/Program Files/Epic Games/4.7/Engine/Binaries/Win64/../../../Engine/Shaders/ResolveVertexShader.usf" 183
"D:/Program Files/Epic Games/4.7/Engine/Binaries/Win64/../../../Engine/Shaders/ResolvePixelShader.usf" 184
"D:/Program Files/Epic Games/4.7/Engine/Binaries/Win64/../../../Engine/Shaders/VisualizeTexture.usf" 185
"D:/Program Files/Epic Games/4.7/Engine/Binaries/Win64/../../../Engine/Shaders/ScreenSpaceReflections.usf" 186
"D:/Program Files/Epic Games/4.7/Engine/Binaries/Win64/../../../Engine/Shaders/BRDF.usf" 187
"D:/Program Files/Epic Games/4.7/Engine/Binaries/Win64/../../../Engine/Shaders/MonteCarlo.usf" 188
"D:/Program Files/Epic Games/4.7/Engine/Binaries/Win64/../../../Engine/Shaders/FilterVertexShader.usf" 189
"D:/Program Files/Epic Games/4.7/Engine/Binaries/Win64/../../../Engine/Shaders/FilterPixelShader.usf" 190
"D:/Program Files/Epic Games/4.7/Engine/Binaries/Win64/../../../Engine/Shaders/PostProcessVisualizeHDR.usf" 191
"D:/Program Files/Epic Games/4.7/Engine/Binaries/Win64/../../../Engine/Shaders/PostProcessHistogramCommon.usf" 192
"D:/Program Files/Epic Games/4.7/Engine/Binaries/Win64/../../../Engine/Shaders/TonemapCommon.usf" 193
"D:/Program Files/Epic Games/4.7/Engine/Binaries/Win64/../../../Engine/Shaders/MiniFontCommon.usf" 194
"D:/Program Files/Epic Games/4.7/Engine/Binaries/Win64/../../../Engine/Shaders/PostProcessVisualizeBuffer.usf" 195
"D:/Program Files/Epic Games/4.7/Engine/Binaries/Win64/../../../Engine/Shaders/PostProcessUpscale.usf" 196
"D:/Program Files/Epic Games/4.7/Engine/Binaries/Win64/../../../Engine/Shaders/PostProcessTonemap.usf" 197
"D:/Program Files/Epic Games/4.7/Engine/Binaries/Win64/../../../Engine/Shaders/PostProcessTestImage.usf" 198
"D:/Program Files/Epic Games/4.7/Engine/Binaries/Win64/../../../Engine/Shaders/PostProcessTemporalAA.usf" 199
"D:/Program Files/Epic Games/4.7/Engine/Binaries/Win64/../../../Engine/Shaders/PostProcessTemporalCommon.usf" 200
"D:/Program Files/Epic Games/4.7/Engine/Binaries/Win64/../../../Engine/Shaders/PostProcessSubsurface.usf" 201
"D:/Program Files/Epic Games/4.7/Engine/Binaries/Win64/../../../Engine/Shaders/SeparableSSS.usf" 202
"D:/Program Files/Epic Games/4.7/Engine/Binaries/Win64/../../../Engine/Shaders/PostProcessSelectionOutline.usf" 203
"D:/Program Files/Epic Games/4.7/Engine/Binaries/Win64/../../../Engine/Shaders/PostProcessSceneColorFringe.usf" 204
"D:/Program Files/Epic Games/4.7/Engine/Binaries/Win64/../../../Engine/Shaders/PostProcessNoiseBlur.usf" 205
"D:/Program Files/Epic Games/4.7/Engine/Binaries/Win64/../../../Engine/Shaders/PostProcessMotionBlur.usf" 206
"D:/Program Files/Epic Games/4.7/Engine/Binaries/Win64/../../../Engine/Shaders/PostProcessMobile.usf" 207
"D:/Program Files/Epic Games/4.7/Engine/Binaries/Win64/../../../Engine/Shaders/PostProcessMaterialShaders.usf" 208
"D:/Program Files/Epic Games/4.7/Engine/Binaries/Win64/../../../Engine/Shaders/PostProcessLensFlares.usf" 209
"D:/Program Files/Epic Games/4.7/Engine/Binaries/Win64/../../../Engine/Shaders/PostProcessLensBlur.usf" 210
"D:/Program Files/Epic Games/4.7/Engine/Binaries/Win64/../../../Engine/Shaders/PostProcessBloom.usf" 211
"D:/Program Files/Epic Games/4.7/Engine/Binaries/Win64/../../../Engine/Shaders/PostProcessHMD.usf" 212
"D:/Program Files/Epic Games/4.7/Engine/Binaries/Win64/../../../Engine/Shaders/PostProcessHistogramReduce.usf" 213
"D:/Program Files/Epic Games/4.7/Engine/Binaries/Win64/../../../Engine/Shaders/PostProcessHistogram.usf" 214
"D:/Program Files/Epic Games/4.7/Engine/Binaries/Win64/../../../Engine/Shaders/PostProcessGBufferHints.usf" 215
"D:/Program Files/Epic Games/4.7/Engine/Binaries/Win64/../../../Engine/Shaders/PostProcessEyeAdaptation.usf" 216
"D:/Program Files/Epic Games/4.7/Engine/Binaries/Win64/../../../Engine/Shaders/PostProcessDownsample.usf" 217
"D:/Program Files/Epic Games/4.7/Engine/Binaries/Win64/../../../Engine/Shaders/PostProcessDOF.usf" 218
"D:/Program Files/Epic Games/4.7/Engine/Binaries/Win64/../../../Engine/Shaders/PostProcessCompositeEditorPrimitives.usf" 219
"D:/Program Files/Epic Games/4.7/Engine/Binaries/Win64/../../../Engine/Shaders/PostProcessCombineLUTs.usf" 220
"D:/Program Files/Epic Games/4.7/Engine/Binaries/Win64/../../../Engine/Shaders/PostProcessBusyWait.usf" 221
"D:/Program Files/Epic Games/4.7/Engine/Binaries/Win64/../../../Engine/Shaders/PostProcessBokehDOF.usf" 222
"D:/Program Files/Epic Games/4.7/Engine/Binaries/Win64/../../../Engine/Shaders/FXAAShader.usf" 223
"D:/Program Files/Epic Games/4.7/Engine/Binaries/Win64/../../../Engine/Shaders/Fxaa3_11.usf" 224
"D:/Program Files/Epic Games/4.7/Engine/Binaries/Win64/../../../Engine/Shaders/PostProcessPassThrough.usf" 225
"D:/Program Files/Epic Games/4.7/Engine/Binaries/Win64/../../../Engine/Shaders/PostProcessLpvIndirect.usf" 226
"D:/Program Files/Epic Games/4.7/Engine/Binaries/Win64/../../../Engine/Shaders/DeferredLightingCommon.usf" 227
"D:/Program Files/Epic Games/4.7/Engine/Binaries/Win64/../../../Engine/Shaders/DynamicLightingCommon.usf" 228
"D:/Program Files/Epic Games/4.7/Engine/Binaries/Win64/../../../Engine/Shaders/IESLightProfilesCommon.usf" 229
"D:/Program Files/Epic Games/4.7/Engine/Binaries/Win64/../../../Engine/Shaders/LPVFinalPass.usf" 230
"D:/Program Files/Epic Games/4.7/Engine/Binaries/Win64/../../../Engine/Shaders/LPVCommon.usf" 231
"D:/Program Files/Epic Games/4.7/Engine/Binaries/Win64/../../../Engine/Shaders/DeferredDecal.usf" 232
"D:/Program Files/Epic Games/4.7/Engine/Binaries/Win64/../../../Engine/Shaders/PostProcessAmbientOcclusion.usf" 233
"D:/Program Files/Epic Games/4.7/Engine/Binaries/Win64/../../../Engine/Shaders/PostProcessAmbient.usf" 234
"D:/Program Files/Epic Games/4.7/Engine/Binaries/Win64/../../../Engine/Shaders/CubemapCommon.usf" 235
"D:/Program Files/Epic Games/4.7/Engine/Binaries/Win64/../../../Engine/Shaders/VelocityShader.usf" 236
"D:/Program Files/Epic Games/4.7/Engine/Binaries/Win64/../../../Engine/Shaders/Tessellation.usf" 237
"D:/Program Files/Epic Games/4.7/Engine/Binaries/Win64/../../../Engine/Shaders/FlatTessellation.usf" 238
"D:/Program Files/Epic Games/4.7/Engine/Binaries/Win64/../../../Engine/Shaders/PNTriangles.usf" 239
"D:/Program Files/Epic Games/4.7/Engine/Binaries/Win64/../../../Engine/Shaders/TranslucentLightingShaders.usf" 240
"D:/Program Files/Epic Games/4.7/Engine/Binaries/Win64/../../../Engine/Shaders/SHCommon.usf" 241
"D:/Program Files/Epic Games/4.7/Engine/Binaries/Win64/../../../Engine/Shaders/ShadowProjectionCommon.usf" 242
"D:/Program Files/Epic Games/4.7/Engine/Binaries/Win64/../../../Engine/Shaders/TranslucentLightInjectionShaders.usf" 243
"D:/Program Files/Epic Games/4.7/Engine/Binaries/Win64/../../../Engine/Shaders/LightFunctionCommon.usf" 244
"D:/Program Files/Epic Games/4.7/Engine/Binaries/Win64/../../../Engine/Shaders/TranslucentShadowDepthShaders.usf" 245
"D:/Program Files/Epic Games/4.7/Engine/Binaries/Win64/../../../Engine/Shaders/ShadowDepthCommon.usf" 246
"D:/Program Files/Epic Games/4.7/Engine/Binaries/Win64/../../../Engine/Shaders/TiledDeferredLightShaders.usf" 247
"D:/Program Files/Epic Games/4.7/Engine/Binaries/Win64/../../../Engine/Shaders/ShadowProjectionPixelShader.usf" 248
"D:/Program Files/Epic Games/4.7/Engine/Binaries/Win64/../../../Engine/Shaders/ShadowFilteringCommon.usf" 249
"D:/Program Files/Epic Games/4.7/Engine/Binaries/Win64/../../../Engine/Shaders/ShadowProjectionVertexShader.usf" 250
"D:/Program Files/Epic Games/4.7/Engine/Binaries/Win64/../../../Engine/Shaders/ShadowDepthPixelShader.usf" 251
"D:/Program Files/Epic Games/4.7/Engine/Binaries/Win64/../../../Engine/Shaders/LPVWriteVplCommon.usf" 252
"D:/Program Files/Epic Games/4.7/Engine/Binaries/Win64/../../../Engine/Shaders/LPVWriteCommon.usf" 253
"D:/Program Files/Epic Games/4.7/Engine/Binaries/Win64/../../../Engine/Shaders/ShadowDepthVertexShader.usf" 254
"D:/Program Files/Epic Games/4.7/Engine/Binaries/Win64/../../../Engine/Shaders/ShaderComplexityApplyPixelShader.usf" 255
"D:/Program Files/Epic Games/4.7/Engine/Binaries/Win64/../../../Engine/Shaders/ShaderComplexityApplyVertexShader.usf" 256
"D:/Program Files/Epic Games/4.7/Engine/Binaries/Win64/../../../Engine/Shaders/ShaderComplexityAccumulatePixelShader.usf" 257
"D:/Program Files/Epic Games/4.7/Engine/Binaries/Win64/../../../Engine/Shaders/HZBOcclusion.usf" 258
"D:/Program Files/Epic Games/4.7/Engine/Binaries/Win64/../../../Engine/Shaders/OcclusionQueryVertexShader.usf" 259
"D:/Program Files/Epic Games/4.7/Engine/Binaries/Win64/../../../Engine/Shaders/HitProxyPixelShader.usf" 260
"D:/Program Files/Epic Games/4.7/Engine/Binaries/Win64/../../../Engine/Shaders/HitProxyVertexShader.usf" 261
"D:/Program Files/Epic Games/4.7/Engine/Binaries/Win64/../../../Engine/Shaders/ReflectionEnvironmentShaders.usf" 262
"D:/Program Files/Epic Games/4.7/Engine/Binaries/Win64/../../../Engine/Shaders/ReflectionEnvironmentShared.usf" 263
"D:/Program Files/Epic Games/4.7/Engine/Binaries/Win64/../../../Engine/Shaders/SkyLightingShared.usf" 264
"D:/Program Files/Epic Games/4.7/Engine/Binaries/Win64/../../../Engine/Shaders/ReflectionEnvironmentComputeShaders.usf" 265
"D:/Program Files/Epic Games/4.7/Engine/Binaries/Win64/../../../Engine/Shaders/LightShaftShader.usf" 266
"D:/Program Files/Epic Games/4.7/Engine/Binaries/Win64/../../../Engine/Shaders/StationaryLightOverlapShaders.usf" 267
"D:/Program Files/Epic Games/4.7/Engine/Binaries/Win64/../../../Engine/Shaders/DeferredLightPixelShaders.usf" 268
"D:/Program Files/Epic Games/4.7/Engine/Binaries/Win64/../../../Engine/Shaders/DeferredLightVertexShaders.usf" 269
"D:/Program Files/Epic Games/4.7/Engine/Binaries/Win64/../../../Engine/Shaders/LPVVisualise.usf" 270
"D:/Program Files/Epic Games/4.7/Engine/Binaries/Win64/../../../Engine/Shaders/LPVGeometryVolumeCommon.usf" 271
"D:/Program Files/Epic Games/4.7/Engine/Binaries/Win64/../../../Engine/Shaders/LPVDirectLightInject.usf" 272
"D:/Program Files/Epic Games/4.7/Engine/Binaries/Win64/../../../Engine/Shaders/LPVPropagate.usf" 273
"D:/Program Files/Epic Games/4.7/Engine/Binaries/Win64/../../../Engine/Shaders/LPVBuildGeometryVolume.usf" 274
"D:/Program Files/Epic Games/4.7/Engine/Binaries/Win64/../../../Engine/Shaders/LPVInject_AccumulateVplLists.usf" 275
"D:/Program Files/Epic Games/4.7/Engine/Binaries/Win64/../../../Engine/Shaders/LPVInject_GenerateVplLists.usf" 276
"D:/Program Files/Epic Games/4.7/Engine/Binaries/Win64/../../../Engine/Shaders/LPVClearLists.usf" 277
"D:/Program Files/Epic Games/4.7/Engine/Binaries/Win64/../../../Engine/Shaders/LPVClear.usf" 278
"D:/Program Files/Epic Games/4.7/Engine/Binaries/Win64/../../../Engine/Shaders/LightMapDensityShader.usf" 279
"D:/Program Files/Epic Games/4.7/Engine/Binaries/Win64/../../../Engine/Shaders/LightFunctionPixelShader.usf" 280
"D:/Program Files/Epic Games/4.7/Engine/Binaries/Win64/../../../Engine/Shaders/LightFunctionVertexShader.usf" 281
"D:/Program Files/Epic Games/4.7/Engine/Binaries/Win64/../../../Engine/Shaders/HdrCustomResolveShaders.usf" 282
"D:/Program Files/Epic Games/4.7/Engine/Binaries/Win64/../../../Engine/Shaders/GPUBenchmark.usf" 283
"D:/Program Files/Epic Games/4.7/Engine/Binaries/Win64/../../../Engine/Shaders/GammaCorrection.usf" 284
"D:/Program Files/Epic Games/4.7/Engine/Binaries/Win64/../../../Engine/Shaders/BasePassForForwardShadingPixelShader.usf" 285
"D:/Program Files/Epic Games/4.7/Engine/Binaries/Win64/../../../Engine/Shaders/BasePassForForwardShadingCommon.usf" 286
"D:/Program Files/Epic Games/4.7/Engine/Binaries/Win64/../../../Engine/Shaders/LightmapCommon.usf" 287
"D:/Program Files/Epic Games/4.7/Engine/Binaries/Win64/../../../Engine/Shaders/BasePassForForwardShadingVertexShader.usf" 288
"D:/Program Files/Epic Games/4.7/Engine/Binaries/Win64/../../../Engine/Shaders/HeightFogCommon.usf" 289
"D:/Program Files/Epic Games/4.7/Engine/Binaries/Win64/../../../Engine/Shaders/HeightFogPixelShader.usf" 290
"D:/Program Files/Epic Games/4.7/Engine/Binaries/Win64/../../../Engine/Shaders/HeightFogVertexShader.usf" 291
"D:/Program Files/Epic Games/4.7/Engine/Binaries/Win64/../../../Engine/Shaders/DistortAccumulatePS.usf" 292
"D:/Program Files/Epic Games/4.7/Engine/Binaries/Win64/../../../Engine/Shaders/DistortAccumulateVS.usf" 293
"D:/Program Files/Epic Games/4.7/Engine/Binaries/Win64/../../../Engine/Shaders/DistortApplyScreenPS.usf" 294
"D:/Program Files/Epic Games/4.7/Engine/Binaries/Win64/../../../Engine/Shaders/DistanceFieldSurfaceCacheLighting.usf" 295
"D:/Program Files/Epic Games/4.7/Engine/Binaries/Win64/../../../Engine/Shaders/DistanceFieldLightingShared.usf" 296
"D:/Program Files/Epic Games/4.7/Engine/Binaries/Win64/../../../Engine/Shaders/DistanceFieldAOShared.usf" 297
"D:/Program Files/Epic Games/4.7/Engine/Binaries/Win64/../../../Engine/Shaders/SkyLighting.usf" 298
"D:/Program Files/Epic Games/4.7/Engine/Binaries/Win64/../../../Engine/Shaders/DistanceFieldSurfaceCacheLightingCompute.usf" 299
"D:/Program Files/Epic Games/4.7/Engine/Binaries/Win64/../../../Engine/Shaders/DistanceFieldShadowing.usf" 300
"D:/Program Files/Epic Games/4.7/Engine/Binaries/Win64/../../../Engine/Shaders/DepthOnlyPixelShader.usf" 301
"D:/Program Files/Epic Games/4.7/Engine/Binaries/Win64/../../../Engine/Shaders/DepthOnlyVertexShader.usf" 302
"D:/Program Files/Epic Games/4.7/Engine/Binaries/Win64/../../../Engine/Shaders/PositionOnlyDepthVertexShader.usf" 303
"D:/Program Files/Epic Games/4.7/Engine/Binaries/Win64/../../../Engine/Shaders/DownsampleDepthPixelShader.usf" 304
"D:/Program Files/Epic Games/4.7/Engine/Binaries/Win64/../../../Engine/Shaders/BasePassPixelShader.usf" 305
"D:/Program Files/Epic Games/4.7/Engine/Binaries/Win64/../../../Engine/Shaders/BasePassCommon.usf" 306
"D:/Program Files/Epic Games/4.7/Engine/Binaries/Win64/../../../Engine/Shaders/BasePassVertexShader.usf" 307
"D:/Program Files/Epic Games/4.7/Engine/Binaries/Win64/../../../Engine/Shaders/BasePassVertexCommon.usf" 308
"D:/Program Files/Epic Games/4.7/Engine/Binaries/Win64/../../../Engine/Shaders/BasePassTessellationShaders.usf" 309
"D:/Program Files/Epic Games/4.7/Engine/Binaries/Win64/../../../Engine/Shaders/AtmospherePrecompute.usf" 310
"D:/Program Files/Epic Games/4.7/Engine/Binaries/Win64/../../../Engine/Shaders/AtmospherePrecomputeCommon.usf" 311
"D:/Program Files/Epic Games/4.7/Engine/Binaries/Win64/../../../Engine/Shaders/AtmospherePrecomputeInscatter.usf" 312
"D:/Program Files/Epic Games/4.7/Engine/Binaries/Win64/../../../Engine/Shaders/AtmosphericFogShader.usf" 313
"D:/Program Files/Epic Games/4.7/Engine/Binaries/Win64/../../../Engine/Shaders/ParticleSortKeyGen.usf" 314
"D:/Program Files/Epic Games/4.7/Engine/Binaries/Win64/../../../Engine/Shaders/ParticleBoundsShader.usf" 315
"D:/Program Files/Epic Games/4.7/Engine/Binaries/Win64/../../../Engine/Shaders/ParticleSimVisualizeShader.usf" 316
"D:/Program Files/Epic Games/4.7/Engine/Binaries/Win64/../../../Engine/Shaders/ParticleInjectionShader.usf" 317
"D:/Program Files/Epic Games/4.7/Engine/Binaries/Win64/../../../Engine/Shaders/ParticleSimulationShader.usf" 318
"D:/Program Files/Epic Games/4.7/Engine/Binaries/Win64/../../../Engine/Shaders/ParticleCurveInjectionShader.usf" 319
"D:/Program Files/Epic Games/4.7/Engine/Binaries/Win64/../../../Engine/Shaders/VectorFieldCompositeShaders.usf" 320
"D:/Program Files/Epic Games/4.7/Engine/Binaries/Win64/../../../Engine/Shaders/UpdateTextureShaders.usf" 321
"D:/Program Files/Epic Games/4.7/Engine/Binaries/Win64/../../../Engine/Shaders/SimpleElementColorChannelMaskPixelShader.usf" 322
"D:/Program Files/Epic Games/4.7/Engine/Binaries/Win64/../../../Engine/Shaders/SimpleElementHitProxyPixelShader.usf" 323
"D:/Program Files/Epic Games/4.7/Engine/Binaries/Win64/../../../Engine/Shaders/SimpleElementPixelShader.usf" 324
"D:/Program Files/Epic Games/4.7/Engine/Binaries/Win64/../../../Engine/Shaders/ColorUtils.usf" 325
"D:/Program Files/Epic Games/4.7/Engine/Binaries/Win64/../../../Engine/Shaders/SimpleElementVertexShader.usf" 326
"D:/Program Files/Epic Games/4.7/Engine/Binaries/Win64/../../../Engine/Shaders/ScreenVertexShader.usf" 327
"D:/Program Files/Epic Games/4.7/Engine/Binaries/Win64/../../../Engine/Shaders/ScreenPixelShader.usf" 328
"D:/Program Files/Epic Games/4.7/Engine/Binaries/Win64/../../../Engine/Shaders/RadixSortShaders.usf" 329
"D:/Program Files/Epic Games/4.7/Engine/Binaries/Win64/../../../Engine/Shaders/GpuSkinCacheComputeShader.usf" 330
"D:/Program Files/Epic Games/4.7/Engine/Binaries/Win64/../../../Engine/Shaders/NullPixelShader.usf" 331
"D:/Program Files/Epic Games/4.7/Engine/Binaries/Win64/../../../Engine/Shaders/ClearReplacementShaders.usf" 332
"D:/Program Files/Epic Games/4.7/Engine/Binaries/Win64/../../../Engine/Shaders/SimpleElementTexture2DPreviewPixelShader.usf" 333
"D:/Program Files/Epic Games/4.7/Engine/Binaries/Win64/../../../Engine/Shaders/SimpleElementNormalMapPixelShader.usf" 334
"D:/Program Files/Epic Games/4.7/Engine/Binaries/Win64/../../../Engine/Shaders/meshpaintdilatepixelshader.usf" 335
"D:/Program Files/Epic Games/4.7/Engine/Binaries/Win64/../../../Engine/Shaders/meshpaintdilatevertexshader.usf" 336
"D:/Program Files/Epic Games/4.7/Engine/Binaries/Win64/../../../Engine/Shaders/MeshPaintPixelShader.usf" 337
"D:/Program Files/Epic Games/4.7/Engine/Binaries/Win64/../../../Engine/Shaders/MeshPaintVertexShader.usf" 338
"../../../Engine/Config/Android/AndroidEngine.ini" 339
"../../../Engine/Config/HTML5/HTML5Engine.ini" 340
"../../../Engine/Config/IOS/IOSEngine.ini" 341
"../../../Engine/Config/Linux/LinuxEngine.ini" 342
"C:/Users/Roni/AppData/Local/UnrealEngine/4.7/DerivedDataCache/Boot.ddc" 343
"../../../Engine/DerivedDataCache/Compressed.ddp" 344
"../../../Engine/Content/EngineFonts/Roboto.uasset" 345
"../../../Engine/Content/EngineMaterials/Widget3DPassThrough_Translucent.uasset" 346
"../../../Engine/Content/EngineMaterials/Widget3DPassThrough.uasset" 347
"../../../Engine/Content/EngineResources/WhiteSquareTexture.uasset" 348
"../../../Engine/Content/Functions/Engine_MaterialFunctions01/Shading/PowerToRoughness.uasset" 349
"../../../Engine/Content/Functions/Engine_MaterialFunctions01/Shading/ConvertFromDiffSpec.uasset" 350
"../../../Engine/Content/EngineMaterials/WorldGridMaterial.uasset" 351
"../../../Engine/Content/Functions/Engine_MaterialFunctions01/Opacity/CameraDepthFade.uasset" 352
"../../../Engine/Content/EngineMaterials/T_Default_Material_Grid_M.uasset" 353
"../../../Engine/Content/EngineMaterials/T_Default_Material_Grid_N.uasset" 354
"../../../Engine/Content/EngineMaterials/DefaultDeferredDecalMaterial.uasset" 355
"../../../Engine/Content/EngineMaterials/DefaultDiffuse.uasset" 356
"../../../Engine/Content/EngineMaterials/DefaultLightFunctionMaterial.uasset" 357
"../../../Engine/Content/EngineMaterials/DefaultPostProcessMaterial.uasset" 358
"../../../Engine/Content/Functions/Engine_MaterialFunctions02/Utility/BreakOutFloat2Components.uasset" 359
"../../../Engine/Content/EngineResources/DefaultTexture.uasset" 360
"../../../Engine/Content/EngineMaterials/Widget3DPassThrough_Translucent_OneSided.uasset" 361
"../../../Engine/Content/EngineMaterials/Widget3DPassThrough_Opaque.uasset" 362
"../../../Engine/Content/EngineMaterials/Widget3DPassThrough_Opaque_OneSided.uasset" 363
"../../../Engine/Content/EditorResources/S_Actor.uasset" 364
"../../../Engine/Content/EditorLandscapeResources/DataLayer.uasset" 365
"../../../Engine/Content/Maps/Templates/Thumbnails/Default.uasset" 366
"../../../Engine/Content/EditorMaterials/ParticleSystems/PSysThumbnail_NoImage.uasset" 367
"../../../Engine/Content/EditorMaterials/ParticleSystems/PSysThumbnail_OOD.uasset" 368
"../../../Engine/Content/EngineDamageTypes/DmgTypeBP_Environmental.uasset" 369
"../../../Engine/Content/EngineMeshes/Sphere.uasset" 370
"../../../Engine/Content/EngineFonts/RobotoDistanceField.uasset" 371
"../../../Engine/Content/EngineMaterials/DefaultTextMaterialOpaque.uasset" 372
"../../../Engine/Content/EditorResources/S_Trigger.uasset" 373
"../../../Engine/Content/EngineResources/GradientTexture0.uasset" 374
"../../../Engine/Content/EngineResources/Black.uasset" 375
"../../../Engine/Content/EditorMaterials/MatineeGroups/MAT_Groups_Float.uasset" 376
"../../../Engine/Content/EditorMaterials/MatineeGroups/MAT_Groups_Director.uasset" 377
"../../../Engine/Content/EditorMaterials/MatineeGroups/MAT_Groups_Event.uasset" 378
"../../../Engine/Content/EditorMaterials/MatineeGroups/MAT_Groups_Anim.uasset" 379
"../../../Engine/Content/EditorMaterials/MatineeGroups/MAT_Groups_Fade.uasset" 380
"../../../Engine/Content/EditorMaterials/MatineeGroups/MAT_Groups_Move.uasset" 381
"../../../Engine/Content/EditorMaterials/MatineeGroups/MAT_Groups_Slomo.uasset" 382
"../../../Engine/Content/EditorMaterials/MatineeGroups/MAT_ColorTrack.uasset" 383
"../../../Engine/Content/EditorMaterials/MAT_Groups_Toggle.uasset" 384
"../../../Engine/Content/EditorMaterials/MatineeGroups/MAT_Groups_AudioMaster.uasset" 385
"../../../Engine/Content/EditorMaterials/MatineeGroups/MAT_Groups_Sound.uasset" 386
"../../../Engine/Content/EditorMaterials/MatineeGroups/MAT_Groups_Vector.uasset" 387
"../../../Engine/Content/EditorMaterials/MAT_Groups_Visibility.uasset" 388
"../../../Engine/Content/EngineResources/DefaultTextureCube.uasset" 389
"../../../Engine/Content/EngineSounds/Master.uasset" 390
"../../../Engine/Content/EngineSounds/Music.uasset" 391
"../../../Engine/Content/EngineSounds/SFX.uasset" 392
"../../../Engine/Content/EngineSounds/Normal_Attack.uasset" 393
"../../../Engine/Content/EngineSounds/Special_Attack_PSM.uasset" 394
"../../../Engine/Content/EngineSounds/Duck_Normal_Attack_MixMod.uasset" 395
"../../../Engine/Content/EngineSounds/Voice.uasset" 396
"../../../Engine/Content/EngineMeshes/Cylinder.uasset" 397
"../../../Engine/Content/EngineMaterials/DefaultMaterial.uasset" 398
"../../../Engine/Content/EngineTireTypes/DefaultTireType.uasset" 399
"../../../Engine/Content/Editor/Slate/Fonts/FontAwesome.ttf" 400
"../../../Engine/Content/Editor/Slate/Fonts/DroidSansMono.ttf" 401
"../../../Engine/Content/Editor/Slate/Fonts/Roboto-BoldCondensed.ttf" 402
"../../../Engine/Content/Editor/Slate/Fonts/Roboto-Black.ttf" 403
"../../../Engine/Content/Editor/Slate/Fonts/Roboto-Italic.ttf" 404
"../../../Engine/Content/Editor/Slate/Fonts/Roboto-BoldCondensedItalic.ttf" 405
"../../../Engine/Plugins/2D/Paper2D/Content/MaskedUnlitSpriteMaterial.uasset" 406
"../../../Engine/Plugins/2D/Paper2D/Content/DefaultSpriteMaterial.uasset" 407
"../../../Engine/Plugins/2D/Paper2D/Content/DummySpriteTexture.uasset" 408
"../../../Engine/Plugins/2D/Paper2D/Content/OpaqueUnlitSpriteMaterial.uasset" 409
"../../../Engine/Plugins/2D/Paper2D/Content/DefaultPaperTerrainMaterial.uasset" 410
"../../../Engine/Plugins/2D/Paper2D/Content/DummySprite.uasset" 411
"E:/Projects/GarlicGames/ld32/Content/Blueprints/BP_Character.uasset" 412
"E:/Projects/GarlicGames/ld32/Content/Sprites/Animations/beak/blue_sprite_beak.uasset" 413
"E:/Projects/GarlicGames/ld32/Content/Sprites/Animations/beak/sprite_beak_Sprite_10.uasset" 414
"../../../Engine/Plugins/2D/Paper2D/Content/TranslucentUnlitSpriteMaterial.uasset" 415
"E:/Projects/GarlicGames/ld32/Content/Atlas/sprite_beak.uasset" 416
"E:/Projects/GarlicGames/ld32/Content/Sprites/Animations/beak/sprite_beak_Sprite_11.uasset" 417
"E:/Projects/GarlicGames/ld32/Content/Sprites/Animations/beak/sprite_beak_Sprite_13.uasset" 418
"E:/Projects/GarlicGames/ld32/Content/Sprites/Animations/beak/sprite_beak_Sprite_14.uasset" 419
"E:/Projects/GarlicGames/ld32/Content/Sprites/Animations/beak/green_sprite_beak.uasset" 420
"E:/Projects/GarlicGames/ld32/Content/Sprites/Animations/beak/sprite_beak_Sprite_5.uasset" 421
"E:/Projects/GarlicGames/ld32/Content/Sprites/Animations/beak/sprite_beak_Sprite_6.uasset" 422
"E:/Projects/GarlicGames/ld32/Content/Sprites/Animations/beak/sprite_beak_Sprite_8.uasset" 423
"E:/Projects/GarlicGames/ld32/Content/Sprites/Animations/beak/sprite_beak_Sprite_9.uasset" 424
"E:/Projects/GarlicGames/ld32/Content/Sprites/Animations/beak/red_sprite_beak.uasset" 425
"E:/Projects/GarlicGames/ld32/Content/Sprites/Animations/beak/sprite_beak_Sprite_0.uasset" 426
"E:/Projects/GarlicGames/ld32/Content/Sprites/Animations/beak/sprite_beak_Sprite_1.uasset" 427
"E:/Projects/GarlicGames/ld32/Content/Sprites/Animations/beak/sprite_beak_Sprite_3.uasset" 428
"E:/Projects/GarlicGames/ld32/Content/Sprites/Animations/beak/sprite_beak_Sprite_4.uasset" 429
"E:/Projects/GarlicGames/ld32/Content/Sprites/Animations/dead/sprite_dead.uasset" 430
"E:/Projects/GarlicGames/ld32/Content/Sprites/Animations/dead/sprite_dead_Sprite_0.uasset" 431
"E:/Projects/GarlicGames/ld32/Content/Atlas/sprite_dead.uasset" 432
"E:/Projects/GarlicGames/ld32/Content/Sprites/Animations/dead/sprite_dead_Sprite_1.uasset" 433
"E:/Projects/GarlicGames/ld32/Content/Sprites/Animations/dead/sprite_dead_Sprite_2.uasset" 434
"E:/Projects/GarlicGames/ld32/Content/Sprites/Animations/dead/sprite_dead_Sprite_3.uasset" 435
"E:/Projects/GarlicGames/ld32/Content/Sprites/Animations/falling/blue_sprite_falling.uasset" 436
"E:/Projects/GarlicGames/ld32/Content/Sprites/Animations/Jump/sprite_jump_Sprite_10.uasset" 437
"E:/Projects/GarlicGames/ld32/Content/Atlas/sprite_jump.uasset" 438
"E:/Projects/GarlicGames/ld32/Content/Sprites/Animations/falling/green_sprite_falling.uasset" 439
"E:/Projects/GarlicGames/ld32/Content/Sprites/Animations/Jump/sprite_jump_Sprite_6.uasset" 440
"E:/Projects/GarlicGames/ld32/Content/Sprites/Animations/falling/red_sprite_falling.uasset" 441
"E:/Projects/GarlicGames/ld32/Content/Sprites/Animations/Jump/sprite_jump_Sprite_2.uasset" 442
"E:/Projects/GarlicGames/ld32/Content/Sprites/Animations/idle/blue_sprite_idle.uasset" 443
"E:/Projects/GarlicGames/ld32/Content/Sprites/Animations/idle/sprite_idle_Sprite_4.uasset" 444
"E:/Projects/GarlicGames/ld32/Content/Atlas/sprite_idle.uasset" 445
"E:/Projects/GarlicGames/ld32/Content/Sprites/Animations/idle/sprite_idle_Sprite_5.uasset" 446
"E:/Projects/GarlicGames/ld32/Content/Sprites/Animations/idle/green_sprite_idle.uasset" 447
"E:/Projects/GarlicGames/ld32/Content/Sprites/Animations/idle/sprite_idle_Sprite_2.uasset" 448
"E:/Projects/GarlicGames/ld32/Content/Sprites/Animations/idle/sprite_idle_Sprite_3.uasset" 449
"E:/Projects/GarlicGames/ld32/Content/Sprites/Animations/idle/red_sprite_idle.uasset" 450
"E:/Projects/GarlicGames/ld32/Content/Sprites/Animations/idle/sprite_idle_Sprite_0.uasset" 451
"E:/Projects/GarlicGames/ld32/Content/Sprites/Animations/idle/sprite_idle_Sprite_1.uasset" 452
"E:/Projects/GarlicGames/ld32/Content/Sprites/Animations/Jump/blue_sprite_jump.uasset" 453
"E:/Projects/GarlicGames/ld32/Content/Sprites/Animations/Jump/sprite_jump_Sprite_8.uasset" 454
"E:/Projects/GarlicGames/ld32/Content/Sprites/Animations/Jump/sprite_jump_Sprite_9.uasset" 455
"E:/Projects/GarlicGames/ld32/Content/Sprites/Animations/Jump/green_sprite_jump.uasset" 456
"E:/Projects/GarlicGames/ld32/Content/Sprites/Animations/Jump/sprite_jump_Sprite_4.uasset" 457
"E:/Projects/GarlicGames/ld32/Content/Sprites/Animations/Jump/sprite_jump_Sprite_5.uasset" 458
"E:/Projects/GarlicGames/ld32/Content/Sprites/Animations/Jump/red_sprite_jump.uasset" 459
"E:/Projects/GarlicGames/ld32/Content/Sprites/Animations/Jump/sprite_jump_Sprite_0.uasset" 460
"E:/Projects/GarlicGames/ld32/Content/Sprites/Animations/Jump/sprite_jump_Sprite_1.uasset" 461
"E:/Projects/GarlicGames/ld32/Content/Sprites/Animations/run/blue_sprite_run.uasset" 462
"E:/Projects/GarlicGames/ld32/Content/Sprites/Animations/run/sprite_run_Sprite_14.uasset" 463
"E:/Projects/GarlicGames/ld32/Content/Atlas/sprite_run.uasset" 464
"E:/Projects/GarlicGames/ld32/Content/Sprites/Animations/run/sprite_run_Sprite_15.uasset" 465
"E:/Projects/GarlicGames/ld32/Content/Sprites/Animations/run/sprite_run_Sprite_16.uasset" 466
"E:/Projects/GarlicGames/ld32/Content/Sprites/Animations/run/sprite_run_Sprite_17.uasset" 467
"E:/Projects/GarlicGames/ld32/Content/Sprites/Animations/run/sprite_run_Sprite_18.uasset" 468
"E:/Projects/GarlicGames/ld32/Content/Sprites/Animations/run/sprite_run_Sprite_19.uasset" 469
"E:/Projects/GarlicGames/ld32/Content/Sprites/Animations/run/sprite_run_Sprite_20.uasset" 470
"E:/Projects/GarlicGames/ld32/Content/Sprites/Animations/run/green_sprite_run.uasset" 471
"E:/Projects/GarlicGames/ld32/Content/Sprites/Animations/run/sprite_run_Sprite_10.uasset" 472
"E:/Projects/GarlicGames/ld32/Content/Sprites/Animations/run/sprite_run_Sprite_11.uasset" 473
"E:/Projects/GarlicGames/ld32/Content/Sprites/Animations/run/sprite_run_Sprite_12.uasset" 474
"E:/Projects/GarlicGames/ld32/Content/Sprites/Animations/run/sprite_run_Sprite_13.uasset" 475
"E:/Projects/GarlicGames/ld32/Content/Sprites/Animations/run/sprite_run_Sprite_7.uasset" 476
"E:/Projects/GarlicGames/ld32/Content/Sprites/Animations/run/sprite_run_Sprite_8.uasset" 477
"E:/Projects/GarlicGames/ld32/Content/Sprites/Animations/run/sprite_run_Sprite_9.uasset" 478
"E:/Projects/GarlicGames/ld32/Content/Sprites/Animations/run/red_sprite_run.uasset" 479
"E:/Projects/GarlicGames/ld32/Content/Sprites/Animations/run/sprite_run_Sprite_0.uasset" 480
"E:/Projects/GarlicGames/ld32/Content/Sprites/Animations/run/sprite_run_Sprite_1.uasset" 481
"E:/Projects/GarlicGames/ld32/Content/Sprites/Animations/run/sprite_run_Sprite_2.uasset" 482
"E:/Projects/GarlicGames/ld32/Content/Sprites/Animations/run/sprite_run_Sprite_3.uasset" 483
"E:/Projects/GarlicGames/ld32/Content/Sprites/Animations/run/sprite_run_Sprite_4.uasset" 484
"E:/Projects/GarlicGames/ld32/Content/Sprites/Animations/run/sprite_run_Sprite_5.uasset" 485
"E:/Projects/GarlicGames/ld32/Content/Sprites/Animations/run/sprite_run_Sprite_6.uasset" 486
"C:/Users/Roni/AppData/Local/UnrealEngine/Common/DerivedDataCache/8/8/4/TEXTURE_75F87CE100B546AAB8A1C4132AF9DB17_AUTODXT_5EE0333045454D8341B355B29D93D__40F0D1C4D5840EA45B8E67DDC84ECF6825F23A58.udd" 487
"C:/Users/Roni/AppData/Local/UnrealEngine/Common/DerivedDataCache/4/8/4/TEXTURE_75F87CE100B546AAB8A1C4132AF9DB17_AUTODXT_5EE0333045454D8341B355B29D93D__7099F45AB7B417FB2CA5B09D7C2D150A8D3967DA.udd" 488
"C:/Users/Roni/AppData/Local/UnrealEngine/Common/DerivedDataCache/4/5/1/TEXTURE_75F87CE100B546AAB8A1C4132AF9DB17_AUTODXT_5EE0333045454D8341B355B29D93D__3373E121C1E8758CBAC7D90F1F33026AF8944C89.udd" 489
"C:/Users/Roni/AppData/Local/UnrealEngine/Common/DerivedDataCache/0/9/4/TEXTURE_75F87CE100B546AAB8A1C4132AF9DB17_AUTODXT_5EE0333045454D8341B355B29D93D__115878D47C5A5294464057BD8CFF80F46575A794.udd" 490
"C:/Users/Roni/AppData/Local/UnrealEngine/4.7/Saved/Config/Windows/SourceControlSettings.ini" 491
"E:/Projects/GarlicGames/ld32/Intermediate/Config/CoalescedSourceConfigs/SourceControlSettings.ini" 492
"E:/Projects/GarlicGames/ld32/Saved/Config/Windows/SourceControlSettings.ini" 493
"../../../Engine/Content/EngineMaterials/RemoveSurfaceMaterial.uasset" 494
"../../../Engine/Content/EngineDebugMaterials/DebugMeshMaterial.uasset" 495
"../../../Engine/Content/EngineMaterials/M_InvalidLightmapSettings.uasset" 496
"../../../Engine/Content/EngineMaterials/InvalidLightmapSettings.uasset" 497
"../../../Engine/Content/EditorMaterials/GizmoMaterial.uasset" 498
"../../../Engine/Content/EngineMaterials/Good64x64TilingNoiseHighFreq.uasset" 499
"../../../Engine/Content/EngineMaterials/DefaultBokeh.uasset" 500
"../../../Engine/Content/EngineMaterials/PreintegratedSkinBRDF.uasset" 501
"../../../Engine/Content/EngineMaterials/MiniFont.uasset" 502
"../../../Engine/Content/EngineMaterials/WeightMapPlaceholderTexture.uasset" 503
"../../../Engine/Content/EngineMaterials/DefaultWhiteGrid.uasset" 504
"../../../Engine/Content/EngineMaterials/DefaultPhysicalMaterial.uasset" 505
"../../../Engine/Content/EngineFonts/RobotoTiny.uasset" 506
"E:/Projects/GarlicGames/ld32/Intermediate/CachedAssetRegistry.bin" 507
"C:/Users/Roni/AppData/Local/UnrealEngine/Common/DerivedDataCache/7/2/4/A047B50D4C15F0B5529FB3A1A80643D5.udd" 508
"C:/Users/Roni/AppData/Local/UnrealEngine/Common/DerivedDataCache/3/8/7/35C7D27E437A3CE93D0EE8B0DCBAF4BF.udd" 509
"C:/Users/Roni/AppData/Local/UnrealEngine/Common/DerivedDataCache/6/2/0/B043470143CFD7F63B8117B0A3BD4E11.udd" 510
"C:/Users/Roni/AppData/Local/UnrealEngine/Common/DerivedDataCache/6/1/4/CCABD312498B9FF9D42DC095797E3BA8.udd" 511
"../../../Engine/Content/MobileResources/HUD/VirtualJoystick_Thumb.uasset" 512
"../../../Engine/Content/MobileResources/HUD/VirtualJoystick_Background.uasset" 513
"../../../Engine/Content/MobileResources/HUD/T_Castle_ThumbstickOutter.uasset" 514
"../../../Engine/Content/MobileResources/HUD/T_Castle_ThumbstickInner.uasset" 515
"../../../Engine/Content/MobileResources/HUD/MobileHUDDirectionStick.uasset" 516
"../../../Engine/Content/MobileResources/HUD/MobileHUDDirectionPad3.uasset" 517
"../../../Engine/Content/MobileResources/HUD/MobileHUDDirectionPad2.uasset" 518
"../../../Engine/Content/MobileResources/HUD/MobileHUDDirectionPad.uasset" 519
"../../../Engine/Content/MobileResources/HUD/MobileHUDButtonFire.uasset" 520
"../../../Engine/Content/MobileResources/HUD/MobileHUDButton3.uasset" 521
"../../../Engine/Content/MobileResources/HUD/MobileHUDButton2_on.uasset" 522
"../../../Engine/Content/MobileResources/HUD/MobileHUDButton2_off.uasset" 523
"../../../Engine/Content/MobileResources/HUD/MobileHUDButton1_on.uasset" 524
"../../../Engine/Content/MobileResources/HUD/MobileHUDButton1_off.uasset" 525
"../../../Engine/Content/MobileResources/HUD/LeftVirtualJoystickOnly.uasset" 526
"../../../Engine/Content/MobileResources/HUD/DefaultVirtualJoysticks.uasset" 527
"../../../Engine/Content/MobileResources/HUD/AnalogHat.uasset" 528
"../../../Engine/Content/MobileResources/T_MobileMenu2.uasset" 529
"../../../Engine/Content/MobileResources/T_MobileControls_texture.uasset" 530
"../../../Engine/Content/Maps/Entry.umap" 531
"../../../Engine/Content/EngineMaterials/DefaultNormal.uasset" 532
"E:/Projects/GarlicGames/ld32/Content/Maps/Map1.umap" 533
"E:/Projects/GarlicGames/ld32/Content/Blueprints/BP_circularSaw.uasset" 534
"E:/Projects/GarlicGames/ld32/Content/Sprites/Scene/Killer/circular_saw.uasset" 535
"E:/Projects/GarlicGames/ld32/Content/Sprites/Scene/Killer/circular_saw_Sprite_11.uasset" 536
"E:/Projects/GarlicGames/ld32/Content/Atlas/sprite_oven.uasset" 537
"E:/Projects/GarlicGames/ld32/Content/Sprites/Scene/Killer/circular_saw_Sprite_13.uasset" 538
"E:/Projects/GarlicGames/ld32/Content/Sprites/Scene/Killer/rail_vertical_Sprite_0.uasset" 539
"E:/Projects/GarlicGames/ld32/Content/Sprites/Scene/Killer/supportL_Sprite_17.uasset" 540
"E:/Projects/GarlicGames/ld32/Content/Blueprints/BP_ConveyorBelt_Logic.uasset" 541
"E:/Projects/GarlicGames/ld32/Content/Sprites/Scene/Objects/blackWhite/conveyorBelt_B_N.uasset" 542
"E:/Projects/GarlicGames/ld32/Content/Sprites/Scene/Objects/blackWhite/sprite_tables_B_N_Sprite_10.uasset" 543
"E:/Projects/GarlicGames/ld32/Content/Atlas/sprite_tables_B_N.uasset" 544
"E:/Projects/GarlicGames/ld32/Content/Sprites/Scene/Objects/blackWhite/sprite_tables_B_N_Sprite_17.uasset" 545
"E:/Projects/GarlicGames/ld32/Content/Sprites/Scene/Objects/blackWhite/sprite_tables_B_N_Sprite_18.uasset" 546
"E:/Projects/GarlicGames/ld32/Content/Sprites/Scene/Objects/blackWhite/sprite_tables_B_N_Sprite_8.uasset" 547
"E:/Projects/GarlicGames/ld32/Content/Sprites/Scene/Objects/blackWhite/sprite_tables_B_N_Sprite_9.uasset" 548
"E:/Projects/GarlicGames/ld32/Content/Blueprints/BP_guillotine.uasset" 549
"E:/Projects/GarlicGames/ld32/Content/Sprites/Scene/Killer/guillotine.uasset" 550
"E:/Projects/GarlicGames/ld32/Content/Sprites/Scene/Killer/guillotine_Sprite_7.uasset" 551
"E:/Projects/GarlicGames/ld32/Content/Blueprints/BP_saw.uasset" 552
"E:/Projects/GarlicGames/ld32/Content/Sprites/Scene/Killer/saw.uasset" 553
"E:/Projects/GarlicGames/ld32/Content/Sprites/Scene/Killer/saw_Sprite_14.uasset" 554
"E:/Projects/GarlicGames/ld32/Content/Sprites/Scene/Killer/support_horizontal_Sprite_20.uasset" 555
"E:/Projects/GarlicGames/ld32/Content/Blueprints/BP_spike.uasset" 556
"E:/Projects/GarlicGames/ld32/Content/Sprites/Scene/Killer/spike.uasset" 557
"E:/Projects/GarlicGames/ld32/Content/Sprites/Scene/Killer/spike_Sprite_9.uasset" 558
"E:/Projects/GarlicGames/ld32/Content/Blueprints/BP_Transformable.uasset" 559
"E:/Projects/GarlicGames/ld32/Content/Sprites/Scene/Killer/sprite_fires.uasset" 560
"E:/Projects/GarlicGames/ld32/Content/Sprites/Scene/Killer/sprite_fires_Sprite_0.uasset" 561
"E:/Projects/GarlicGames/ld32/Content/Atlas/sprite_fires.uasset" 562
"E:/Projects/GarlicGames/ld32/Content/Sprites/Scene/Killer/sprite_fires_Sprite_1.uasset" 563
"E:/Projects/GarlicGames/ld32/Content/Sprites/Scene/Killer/sprite_fires_Sprite_2.uasset" 564
"E:/Projects/GarlicGames/ld32/Content/Sprites/Scene/Killer/sprite_fires_Sprite_3.uasset" 565
"E:/Projects/GarlicGames/ld32/Content/Sprites/Scene/Killer/sprite_fires_Sprite_4.uasset" 566
"E:/Projects/GarlicGames/ld32/Content/Sprites/Scene/Objects/blackWhite/conveyorBelt_B_N2.uasset" 567
"E:/Projects/GarlicGames/ld32/Content/Sprites/Scene/Objects/blackWhite/sprite_tables_B_N_Sprite_0.uasset" 568
"E:/Projects/GarlicGames/ld32/Content/Sprites/Scene/Objects/blackWhite/sprite_tables_B_N_Sprite_1.uasset" 569
"E:/Projects/GarlicGames/ld32/Content/Sprites/Scene/Objects/blackWhite/sprite_tables_B_N_Sprite_12.uasset" 570
"E:/Projects/GarlicGames/ld32/Content/Sprites/Scene/Objects/blackWhite/sprite_tables_B_N_Sprite_13.uasset" 571
"E:/Projects/GarlicGames/ld32/Content/Sprites/Scene/Objects/blackWhite/sprite_tables_B_N_Sprite_2.uasset" 572
"E:/Projects/GarlicGames/ld32/Content/Sprites/Scene/Objects/blackWhite/conveyorBelt_B_N3.uasset" 573
"E:/Projects/GarlicGames/ld32/Content/Sprites/Scene/Objects/blackWhite/sprite_tables_B_N_Sprite_15.uasset" 574
"E:/Projects/GarlicGames/ld32/Content/Sprites/Scene/Objects/blackWhite/sprite_tables_B_N_Sprite_16.uasset" 575
"E:/Projects/GarlicGames/ld32/Content/Sprites/Scene/Objects/blackWhite/sprite_tables_B_N_Sprite_4.uasset" 576
"E:/Projects/GarlicGames/ld32/Content/Sprites/Scene/Objects/blackWhite/sprite_tables_B_N_Sprite_5.uasset" 577
"E:/Projects/GarlicGames/ld32/Content/Sprites/Scene/Objects/blackWhite/sprite_tables_B_N_Sprite_6.uasset" 578
"E:/Projects/GarlicGames/ld32/Content/Sprites/Scene/Objects/blackWhite/sprite_tables_B_N.uasset" 579
"E:/Projects/GarlicGames/ld32/Content/Sprites/Scene/Objects/blackWhite/sprite_tables_B_N_Sprite_11.uasset" 580
"E:/Projects/GarlicGames/ld32/Content/Sprites/Scene/Objects/blackWhite/sprite_tables_B_N_Sprite_3.uasset" 581
"E:/Projects/GarlicGames/ld32/Content/Sprites/Scene/Objects/blackWhite/sprite_tables_B_N_Sprite_7.uasset" 582
"E:/Projects/GarlicGames/ld32/Content/Sprites/Scene/Objects/decoration/asset_background_Sprite.uasset" 583
"E:/Projects/GarlicGames/ld32/Content/Atlas/asset_background.uasset" 584
"E:/Projects/GarlicGames/ld32/Content/Sprites/Scene/Objects/decoration/asset_end_Sprite.uasset" 585
"E:/Projects/GarlicGames/ld32/Content/Atlas/asset_end.uasset" 586
"E:/Projects/GarlicGames/ld32/Content/Sprites/Scene/Objects/decoration/asset_scene_Sprite_0.uasset" 587
"E:/Projects/GarlicGames/ld32/Content/Atlas/asset_scene.uasset" 588
"E:/Projects/GarlicGames/ld32/Content/Sprites/Scene/Objects/decoration/asset_scene_Sprite_1.uasset" 589
"E:/Projects/GarlicGames/ld32/Content/Sprites/Scene/Objects/decoration/asset_scene_Sprite_2.uasset" 590
"E:/Projects/GarlicGames/ld32/Content/Sprites/Scene/Objects/decoration/asset_scene_Sprite_4.uasset" 591
"E:/Projects/GarlicGames/ld32/Content/Sprites/Scene/Objects/decoration/asset_scene_Sprite_5.uasset" 592
"E:/Projects/GarlicGames/ld32/Content/Sprites/Scene/Objects/decoration/sprite_fire.uasset" 593
"E:/Projects/GarlicGames/ld32/Content/Sprites/Scene/Objects/decoration/sprite_fire_Sprite_0.uasset" 594
"E:/Projects/GarlicGames/ld32/Content/Atlas/sprite_fire.uasset" 595
"E:/Projects/GarlicGames/ld32/Content/Sprites/Scene/Objects/decoration/sprite_fire_Sprite_1.uasset" 596
"E:/Projects/GarlicGames/ld32/Content/Sprites/Scene/Objects/decoration/sprite_fire_Sprite_2.uasset" 597
"E:/Projects/GarlicGames/ld32/Content/Sprites/Scene/Objects/decoration/sprite_fire_Sprite_3.uasset" 598
"E:/Projects/GarlicGames/ld32/Content/Sprites/Scene/Objects/decoration/sprite_instruction_Sprite.uasset" 599
"E:/Projects/GarlicGames/ld32/Content/Atlas/sprite_instruction.uasset" 600
"E:/Projects/GarlicGames/ld32/Content/Sprites/Scene/Objects/decoration/sprite_oven_Sprite_21.uasset" 601
"E:/Projects/GarlicGames/ld32/Content/Sprites/Scene/Objects/decoration/sprite_pan.uasset" 602
"E:/Projects/GarlicGames/ld32/Content/Sprites/Scene/Objects/decoration/sprite_pan_sprite1.uasset" 603
"E:/Projects/GarlicGames/ld32/Content/Atlas/sprite_pan.uasset" 604
"E:/Projects/GarlicGames/ld32/Content/Sprites/Scene/Objects/decoration/sprite_pan_sprite2.uasset" 605
"E:/Projects/GarlicGames/ld32/Content/Sprites/Scene/Objects/decoration/sprite_pan_sprite3.uasset" 606
"E:/Projects/GarlicGames/ld32/Content/Sprites/Scene/Objects/decoration/sprite_pan_sprite4.uasset" 607
"E:/Projects/GarlicGames/ld32/Content/Sprites/Scene/Objects/decoration/sprite_pan_sprite5.uasset" 608
"E:/Projects/GarlicGames/ld32/Content/Sprites/Scene/Objects/normal/sprite_tables.uasset" 609
"E:/Projects/GarlicGames/ld32/Content/Sprites/Scene/Objects/normal/sprite_tables_Sprite_11.uasset" 610
"E:/Projects/GarlicGames/ld32/Content/Atlas/sprite_tables.uasset" 611
"C:/Users/Roni/AppData/Local/UnrealEngine/Common/DerivedDataCache/1/1/8/TEXTURE_75F87CE100B546AAB8A1C4132AF9DB17_AUTODXT_43B0415441A72A257DF6EC891BD41__70D0C717C2A49DB41BFBF243AEF9E3170258F096.udd" 612
"C:/Users/Roni/AppData/Local/UnrealEngine/Common/DerivedDataCache/8/7/9/TEXTURE_75F87CE100B546AAB8A1C4132AF9DB17_AUTODXT_43B0415441A72A257DF6EC891BD41__38F930020ED116A246CC323532A53782849B2D52.udd" 613
"C:/Users/Roni/AppData/Local/UnrealEngine/Common/DerivedDataCache/8/4/0/TEXTURE_75F87CE100B546AAB8A1C4132AF9DB17_AUTODXT_43B0415441A72A257DF6EC891BD41__66293970F61AE9F1152AAD3837216B20168DD3CF.udd" 614
"C:/Users/Roni/AppData/Local/UnrealEngine/Common/DerivedDataCache/8/8/6/TEXTURE_75F87CE100B546AAB8A1C4132AF9DB17_AUTODXT_43B0415441A72A257DF6EC891BD41__2ED6F5108FB4F48C970862041E795D3982B0D6CA.udd" 615
"C:/Users/Roni/AppData/Local/UnrealEngine/Common/DerivedDataCache/9/5/5/TEXTURE_75F87CE100B546AAB8A1C4132AF9DB17_AUTODXT_43B0415441A72A257DF6EC891BD41__55D02EB1DAA4E73C2115D67D4A22065A6E87AC7A.udd" 616
"C:/Users/Roni/AppData/Local/UnrealEngine/Common/DerivedDataCache/8/5/3/TEXTURE_75F87CE100B546AAB8A1C4132AF9DB17_AUTODXT_E1BBF18749E395170C58D39C5DA44__EAFD340BB69F09196C6FE32081EE3406F4126F05.udd" 617
"C:/Users/Roni/AppData/Local/UnrealEngine/Common/DerivedDataCache/2/4/0/TEXTURE_75F87CE100B546AAB8A1C4132AF9DB17_AUTODXT_22DA733C4DD9A9CC9F2B3A9AB8B66__4AB42CFD74187021AF0F9ADDBACD79A4E1C509DA.udd" 618
"C:/Users/Roni/AppData/Local/UnrealEngine/Common/DerivedDataCache/4/7/9/TEXTURE_75F87CE100B546AAB8A1C4132AF9DB17_AUTODXT_E1BBF18749E395170C58D39C5DA44__3AEFCC055506008E074AD107E66A8BC72BC2193C.udd" 619
"C:/Users/Roni/AppData/Local/UnrealEngine/Common/DerivedDataCache/3/1/9/TEXTURE_75F87CE100B546AAB8A1C4132AF9DB17_AUTODXT_E1BBF18749E395170C58D39C5DA44__E3B6B076BFB4BF989305EBBF609ED334D1BB2100.udd" 620
"C:/Users/Roni/AppData/Local/UnrealEngine/Common/DerivedDataCache/5/6/7/TEXTURE_75F87CE100B546AAB8A1C4132AF9DB17_AUTODXT_E1BBF18749E395170C58D39C5DA44__C1A5E756F7E7A94E24F060C2AB4FCCB78EC01072.udd" 621
"C:/Users/Roni/AppData/Local/UnrealEngine/Common/DerivedDataCache/1/8/4/TEXTURE_75F87CE100B546AAB8A1C4132AF9DB17_AUTODXT_E1BBF18749E395170C58D39C5DA44__B7CCBBEE6AD90F86463918E153CAC9F005BDC1BE.udd" 622
"C:/Users/Roni/AppData/Local/UnrealEngine/Common/DerivedDataCache/6/7/6/TEXTURE_75F87CE100B546AAB8A1C4132AF9DB17_AUTODXT_1811D1914603DABCAA7DD691D112D__5FA30CC37C613B96497710F1DB67F5220EBAA59C.udd" 623
"C:/Users/Roni/AppData/Local/UnrealEngine/Common/DerivedDataCache/1/2/3/TEXTURE_75F87CE100B546AAB8A1C4132AF9DB17_AUTODXT_379F4EA44E7DF99595E392BBAEE45__F33B625E39A1FFE3DF2E0C6A4B8D926FD22AC81E.udd" 624
"C:/Users/Roni/AppData/Local/UnrealEngine/Common/DerivedDataCache/5/4/6/TEXTURE_75F87CE100B546AAB8A1C4132AF9DB17_AUTODXT_1811D1914603DABCAA7DD691D112D__4EBD0F9503DBC6491707AF00570712EB848C60BF.udd" 625
"C:/Users/Roni/AppData/Local/UnrealEngine/Common/DerivedDataCache/6/7/2/TEXTURE_75F87CE100B546AAB8A1C4132AF9DB17_AUTODXT_379F4EA44E7DF99595E392BBAEE45__2D0E98C4DDF0684741EC8B68A34AB895B1803277.udd" 626
"C:/Users/Roni/AppData/Local/UnrealEngine/Common/DerivedDataCache/8/1/8/TEXTURE_75F87CE100B546AAB8A1C4132AF9DB17_AUTODXT_1811D1914603DABCAA7DD691D112D__1FCA6D030A1FCCB6A3165683F3A8DFDA3AEFE7E6.udd" 627
"C:/Users/Roni/AppData/Local/UnrealEngine/Common/DerivedDataCache/4/0/9/TEXTURE_75F87CE100B546AAB8A1C4132AF9DB17_AUTODXT_379F4EA44E7DF99595E392BBAEE45__BE981E95A755852C3BE02AA52920B57171BE0873.udd" 628
"C:/Users/Roni/AppData/Local/UnrealEngine/Common/DerivedDataCache/0/6/7/TEXTURE_75F87CE100B546AAB8A1C4132AF9DB17_AUTODXT_1811D1914603DABCAA7DD691D112D__93228A3FFC0685FAE13BEC726FFDFAA53378E249.udd" 629
"C:/Users/Roni/AppData/Local/UnrealEngine/Common/DerivedDataCache/8/0/5/TEXTURE_75F87CE100B546AAB8A1C4132AF9DB17_AUTODXT_379F4EA44E7DF99595E392BBAEE45__F1316C9D3BF4FD34A6C046DFE06528707D046981.udd" 630
"C:/Users/Roni/AppData/Local/UnrealEngine/Common/DerivedDataCache/7/2/6/TEXTURE_75F87CE100B546AAB8A1C4132AF9DB17_AUTODXT_1811D1914603DABCAA7DD691D112D__F6128B0040298513A4B1CBF13571D638354EDF67.udd" 631
"C:/Users/Roni/AppData/Local/UnrealEngine/Common/DerivedDataCache/5/1/5/TEXTURE_75F87CE100B546AAB8A1C4132AF9DB17_AUTODXT_379F4EA44E7DF99595E392BBAEE45__D37E1ED49145782F301DAB868B9445C3B05FDF41.udd" 632
"C:/Users/Roni/AppData/Local/UnrealEngine/Common/DerivedDataCache/7/4/8/TEXTURE_75F87CE100B546AAB8A1C4132AF9DB17_AUTODXT_832629AB41D95DD712E058B042AA8__49BC15CD759167676A142535EF74B4F57D023A59.udd" 633
"C:/Users/Roni/AppData/Local/UnrealEngine/Common/DerivedDataCache/9/9/0/TEXTURE_75F87CE100B546AAB8A1C4132AF9DB17_AUTODXT_ECE799154CDF74E3322B8885D1B0D__E5CF73EC30CEDB3EAD1F80105702C369ADF74304.udd" 634
"C:/Users/Roni/AppData/Local/UnrealEngine/Common/DerivedDataCache/5/4/7/TEXTURE_75F87CE100B546AAB8A1C4132AF9DB17_AUTODXT_832629AB41D95DD712E058B042AA8__5363FF6BCC8A200C5F33860ADA2F273E4A8A3D63.udd" 635
"C:/Users/Roni/AppData/Local/UnrealEngine/Common/DerivedDataCache/6/1/6/TEXTURE_75F87CE100B546AAB8A1C4132AF9DB17_AUTODXT_ECE799154CDF74E3322B8885D1B0D__21861976CB34A5CF76D1E07D8DD906A9FE9E395C.udd" 636
"C:/Users/Roni/AppData/Local/UnrealEngine/Common/DerivedDataCache/9/1/6/TEXTURE_75F87CE100B546AAB8A1C4132AF9DB17_AUTODXT_832629AB41D95DD712E058B042AA8__30C36ECEA0CD304CE41BD8F3E2E7A3E84E2E9E0E.udd" 637
"C:/Users/Roni/AppData/Local/UnrealEngine/Common/DerivedDataCache/6/4/2/TEXTURE_75F87CE100B546AAB8A1C4132AF9DB17_AUTODXT_ECE799154CDF74E3322B8885D1B0D__C248BFD9DEEDE39D4EBD96FFDD0555A6176DB8BA.udd" 638
"C:/Users/Roni/AppData/Local/UnrealEngine/Common/DerivedDataCache/4/1/4/TEXTURE_75F87CE100B546AAB8A1C4132AF9DB17_AUTODXT_832629AB41D95DD712E058B042AA8__26FB7CF3EC07093D8FF65A0D2E915D10C6B8B5C9.udd" 639
"C:/Users/Roni/AppData/Local/UnrealEngine/Common/DerivedDataCache/6/6/5/TEXTURE_75F87CE100B546AAB8A1C4132AF9DB17_AUTODXT_832629AB41D95DD712E058B042AA8__41B11D34A89F0995CE50FCAD190D9CEE93C7BE48.udd" 640
"C:/Users/Roni/AppData/Local/UnrealEngine/Common/DerivedDataCache/5/9/4/TEXTURE_75F87CE100B546AAB8A1C4132AF9DB17_AUTODXT_ECE799154CDF74E3322B8885D1B0D__C81DA5CA818C0C148C6970B152CF3B7EC91F2A8A.udd" 641
"C:/Users/Roni/AppData/Local/UnrealEngine/Common/DerivedDataCache/5/5/7/TEXTURE_75F87CE100B546AAB8A1C4132AF9DB17_AUTODXT_24BEB3D7412DBE6AC24F8DAF12BCB__4E67E31F6D16D7CF5E275D2BAF75DA98B08EAF62.udd" 642
"C:/Users/Roni/AppData/Local/UnrealEngine/Common/DerivedDataCache/6/1/3/TEXTURE_75F87CE100B546AAB8A1C4132AF9DB17_AUTODXT_ECE799154CDF74E3322B8885D1B0D__C5FEAB34CB74CE449FB174F08E7B15914BC345C1.udd" 643
"C:/Users/Roni/AppData/Local/UnrealEngine/Common/DerivedDataCache/1/9/6/TEXTURE_75F87CE100B546AAB8A1C4132AF9DB17_AUTODXT_24BEB3D7412DBE6AC24F8DAF12BCB__45D495CE65DF932A6CD68E2B5696933FA95A6A79.udd" 644
"C:/Users/Roni/AppData/Local/UnrealEngine/Common/DerivedDataCache/5/8/1/TEXTURE_75F87CE100B546AAB8A1C4132AF9DB17_AUTODXT_7775704E451C131E6E333CBEAEEA1__4C44A9622E9C1AB885148B228EB24F7C0B9ADA0A.udd" 645
"C:/Users/Roni/AppData/Local/UnrealEngine/Common/DerivedDataCache/5/7/0/TEXTURE_75F87CE100B546AAB8A1C4132AF9DB17_AUTODXT_7775704E451C131E6E333CBEAEEA1__772448C6127BB223E220535E2543ECE926A77A23.udd" 646
"C:/Users/Roni/AppData/Local/UnrealEngine/Common/DerivedDataCache/9/5/8/TEXTURE_75F87CE100B546AAB8A1C4132AF9DB17_AUTODXT_24BEB3D7412DBE6AC24F8DAF12BCB__15DAC5853C0D218A8BF3AEFDAB040DFCFAC25EBD.udd" 647
"C:/Users/Roni/AppData/Local/UnrealEngine/Common/DerivedDataCache/5/0/1/TEXTURE_75F87CE100B546AAB8A1C4132AF9DB17_AUTODXT_24BEB3D7412DBE6AC24F8DAF12BCB__1D9FA861D2BEF7DBA88BB92D706F8607DC3FD200.udd" 648
"C:/Users/Roni/AppData/Local/UnrealEngine/Common/DerivedDataCache/3/1/2/TEXTURE_75F87CE100B546AAB8A1C4132AF9DB17_AUTODXT_7775704E451C131E6E333CBEAEEA1__FCD3132304CBD407532CFF6929B44F1D01C94FAB.udd" 649
"C:/Users/Roni/AppData/Local/UnrealEngine/Common/DerivedDataCache/9/2/0/TEXTURE_75F87CE100B546AAB8A1C4132AF9DB17_AUTODXT_24BEB3D7412DBE6AC24F8DAF12BCB__FD81B652CB228ABC53EEFFD391EB32B36D04AEC8.udd" 650
"C:/Users/Roni/AppData/Local/UnrealEngine/Common/DerivedDataCache/7/0/3/TEXTURE_75F87CE100B546AAB8A1C4132AF9DB17_AUTODXT_7775704E451C131E6E333CBEAEEA1__45C8A010E07387DD6653910F48DABCF6DCAF8F8E.udd" 651
"C:/Users/Roni/AppData/Local/UnrealEngine/Common/DerivedDataCache/9/4/4/TEXTURE_75F87CE100B546AAB8A1C4132AF9DB17_AUTODXT_7775704E451C131E6E333CBEAEEA1__AD3C1A375AD06DCBCFA62441748FE1BC45F8F462.udd" 652
"C:/Users/Roni/AppData/Local/UnrealEngine/Common/DerivedDataCache/3/3/6/TEXTURE_75F87CE100B546AAB8A1C4132AF9DB17_AUTODXT_79351E9D41FEFC7E2E10A3BFCEEF9__79954863C715D53C7A5BB41A591E207D555CD4DD.udd" 653
"C:/Users/Roni/AppData/Local/UnrealEngine/Common/DerivedDataCache/2/5/2/TEXTURE_75F87CE100B546AAB8A1C4132AF9DB17_AUTODXT_79351E9D41FEFC7E2E10A3BFCEEF9__A9072FB012C727D47243FB1FC291DF1163E64F13.udd" 654
"C:/Users/Roni/AppData/Local/UnrealEngine/Common/DerivedDataCache/2/5/6/TEXTURE_75F87CE100B546AAB8A1C4132AF9DB17_AUTODXT_79351E9D41FEFC7E2E10A3BFCEEF9__F444C8BB2F3115E56A56F763810A4CBC4159F6E3.udd" 655
"C:/Users/Roni/AppData/Local/UnrealEngine/Common/DerivedDataCache/5/4/4/TEXTURE_75F87CE100B546AAB8A1C4132AF9DB17_AUTODXT_79351E9D41FEFC7E2E10A3BFCEEF9__A0502957F9DC74064E0FC1135F2FABE17167E195.udd" 656
"C:/Users/Roni/AppData/Local/UnrealEngine/Common/DerivedDataCache/8/8/1/TEXTURE_75F87CE100B546AAB8A1C4132AF9DB17_AUTODXT_79351E9D41FEFC7E2E10A3BFCEEF9__9BF3BC883F1935E5FA2C6B5EA4AFB797383A1C66.udd" 657
"C:/Users/Roni/AppData/Local/UnrealEngine/Common/DerivedDataCache/5/8/9/PHYSX_$7B1F0627AE$2DABEB$2D4206$2D8D78$2DE16BEB5DDC7E$7D_PHYSXPC_D83D7D6E4EC67BD8BC14F2AFE57E4074__1_1_13075_0.udd" 658
"C:/Users/Roni/AppData/Local/UnrealEngine/Common/DerivedDataCache/4/7/9/PHYSX_$7B1F0627AE$2DABEB$2D4206$2D8D78$2DE16BEB5DDC7E$7D_PHYSXPC_AE5D8C534372AEA3B3FB7E8AC89DC2C3__1_1_13075_0.udd" 659
"C:/Users/Roni/AppData/Local/UnrealEngine/Common/DerivedDataCache/3/9/8/PHYSX_$7B1F0627AE$2DABEB$2D4206$2D8D78$2DE16BEB5DDC7E$7D_PHYSXPC_8D937A63475A8A4A030B1CBF46301EED__1_1_13075_0.udd" 660
"C:/Users/Roni/AppData/Local/UnrealEngine/Common/DerivedDataCache/0/6/0/PHYSX_$7B1F0627AE$2DABEB$2D4206$2D8D78$2DE16BEB5DDC7E$7D_PHYSXPC_C636CD394513B70FA809088370F8D188__1_1_13075_0.udd" 661
"C:/Users/Roni/AppData/Local/UnrealEngine/Common/DerivedDataCache/2/4/6/PHYSX_$7B1F0627AE$2DABEB$2D4206$2D8D78$2DE16BEB5DDC7E$7D_PHYSXPC_26C27678422ADBA44CFFBFA251F8B164__1_1_13075_0.udd" 662
"C:/Users/Roni/AppData/Local/UnrealEngine/Common/DerivedDataCache/5/2/7/PHYSX_$7B1F0627AE$2DABEB$2D4206$2D8D78$2DE16BEB5DDC7E$7D_PHYSXPC_D213CC8D48C4CC726A7219865B6DB8DE__1_1_13075_0.udd" 663
"C:/Users/Roni/AppData/Local/UnrealEngine/Common/DerivedDataCache/8/8/0/PHYSX_$7B1F0627AE$2DABEB$2D4206$2D8D78$2DE16BEB5DDC7E$7D_PHYSXPC_4AC0499249D201136315DCACF1407B1F__1_1_13075_0.udd" 664
"C:/Users/Roni/AppData/Local/UnrealEngine/Common/DerivedDataCache/5/2/3/PHYSX_$7B1F0627AE$2DABEB$2D4206$2D8D78$2DE16BEB5DDC7E$7D_PHYSXPC_2F1C974B4DADF8402E288C8C07EB6153__1_1_13075_0.udd" 665
"C:/Users/Roni/AppData/Local/UnrealEngine/Common/DerivedDataCache/7/8/7/PHYSX_$7B1F0627AE$2DABEB$2D4206$2D8D78$2DE16BEB5DDC7E$7D_PHYSXPC_6426188145610CB2FAD81C8CC961F40B__1_0_13075_0.udd" 666
"E:/Projects/GarlicGames/ld32/Content/Sprites/Scene/Objects/normal/sprite_tables_Sprite_9.uasset" 667
"E:/Projects/GarlicGames/ld32/Content/Sprites/Scene/Objects/normal/sprite_tables_Sprite_8.uasset" 668
"E:/Projects/GarlicGames/ld32/Content/Sprites/Scene/Objects/normal/sprite_tables_Sprite_7.uasset" 669
"E:/Projects/GarlicGames/ld32/Content/Sprites/Scene/Objects/normal/sprite_tables_Sprite_6.uasset" 670
"E:/Projects/GarlicGames/ld32/Content/Sprites/Scene/Objects/normal/sprite_tables_Sprite_5.uasset" 671
"E:/Projects/GarlicGames/ld32/Content/Sprites/Scene/Objects/normal/sprite_tables_Sprite_4.uasset" 672
"E:/Projects/GarlicGames/ld32/Content/Sprites/Scene/Objects/normal/sprite_tables_Sprite_3.uasset" 673
"E:/Projects/GarlicGames/ld32/Content/Sprites/Scene/Objects/normal/sprite_tables_Sprite_2.uasset" 674
"E:/Projects/GarlicGames/ld32/Content/Sprites/Scene/Objects/normal/sprite_tables_Sprite_18.uasset" 675
"E:/Projects/GarlicGames/ld32/Content/Sprites/Scene/Objects/normal/sprite_tables_Sprite_17.uasset" 676
"E:/Projects/GarlicGames/ld32/Content/Sprites/Scene/Objects/normal/sprite_tables_Sprite_16.uasset" 677
"E:/Projects/GarlicGames/ld32/Content/Sprites/Scene/Objects/normal/sprite_tables_Sprite_15.uasset" 678
"E:/Projects/GarlicGames/ld32/Content/Sprites/Scene/Objects/normal/sprite_tables_Sprite_14.uasset" 679
"E:/Projects/GarlicGames/ld32/Content/Sprites/Scene/Objects/normal/sprite_tables_Sprite_13.uasset" 680
"E:/Projects/GarlicGames/ld32/Content/Sprites/Scene/Objects/normal/sprite_tables_Sprite_12.uasset" 681
"E:/Projects/GarlicGames/ld32/Content/Sprites/Scene/Objects/normal/sprite_tables_Sprite_10.uasset" 682
"E:/Projects/GarlicGames/ld32/Content/Sprites/Scene/Objects/normal/sprite_tables_Sprite_1.uasset" 683
"E:/Projects/GarlicGames/ld32/Content/Sprites/Scene/Objects/normal/sprite_tables_Sprite_0.uasset" 684
"E:/Projects/GarlicGames/ld32/Content/Sprites/Scene/Objects/blackWhite/sprite_tables_B_N_Sprite_14.uasset" 685
"E:/Projects/GarlicGames/ld32/Content/Sprites/Scene/Killer/vertical_support_Sprite_19.uasset" 686
"E:/Projects/GarlicGames/ld32/Content/Sprites/Scene/Killer/sprite_oven_Sprite_6.uasset" 687
"E:/Projects/GarlicGames/ld32/Content/Sprites/Scene/Killer/sprite_oven_Sprite_5.uasset" 688
"E:/Projects/GarlicGames/ld32/Content/Sprites/Scene/Killer/sprite_oven_Sprite_4.uasset" 689
"E:/Projects/GarlicGames/ld32/Content/Sprites/Scene/Killer/sprite_oven_Sprite_3.uasset" 690
"E:/Projects/GarlicGames/ld32/Content/Sprites/Scene/Killer/sprite_oven.uasset" 691
"E:/Projects/GarlicGames/ld32/Content/Sprites/Scene/Killer/rail_diagonal2_Sprite_2.uasset" 692
"E:/Projects/GarlicGames/ld32/Content/Sprites/Scene/Killer/rail_diagonal1_Sprite_1.uasset" 693
"E:/Projects/GarlicGames/ld32/Content/Sprites/Scene/Killer/blade_Sprite_16.uasset" 694
"E:/Projects/GarlicGames/ld32/Content/Sprites/Scene/Killer/blade.uasset" 695
"E:/Projects/GarlicGames/ld32/Content/Sprites/Scene/sprite_conveyorbelt_Sprite_1.uasset" 696
"E:/Projects/GarlicGames/ld32/Content/Sprites/Scene/sprite_conveyorbelt_Sprite_0.uasset" 697
"E:/Projects/GarlicGames/ld32/Content/Sprites/Scene/sprite_conveyorbelt1.uasset" 698
"E:/Projects/GarlicGames/ld32/Content/Sprites/Animations/Jump/sprite_jump_Sprite_7.uasset" 699
"E:/Projects/GarlicGames/ld32/Content/Sprites/Animations/Jump/sprite_jump_Sprite_3.uasset" 700
"E:/Projects/GarlicGames/ld32/Content/Sprites/Animations/Jump/sprite_jump_Sprite_11.uasset" 701
"E:/Projects/GarlicGames/ld32/Content/Movies/INTRO_GG_03.uasset" 702
"E:/Projects/GarlicGames/ld32/Content/Blueprints/BP_killerL_circularSaw.uasset" 703
"E:/Projects/GarlicGames/ld32/Content/Blueprints/BP_killerL.uasset" 704
"E:/Projects/GarlicGames/ld32/Content/Blueprints/BP_killer.uasset" 705
"E:/Projects/GarlicGames/ld32/Content/Blueprints/BP_blade.uasset" 706
"E:/Projects/GarlicGames/ld32/Content/Atlas/sprite_walking_Sprite_9.uasset" 707
"E:/Projects/GarlicGames/ld32/Content/Atlas/sprite_walking_Sprite_8.uasset" 708
"E:/Projects/GarlicGames/ld32/Content/Atlas/sprite_walking_Sprite_7.uasset" 709
"E:/Projects/GarlicGames/ld32/Content/Atlas/sprite_walking_Sprite_6.uasset" 710
"E:/Projects/GarlicGames/ld32/Content/Atlas/sprite_walking_Sprite_5.uasset" 711
"E:/Projects/GarlicGames/ld32/Content/Atlas/sprite_walking_Sprite_4.uasset" 712
"E:/Projects/GarlicGames/ld32/Content/Atlas/sprite_walking_Sprite_3.uasset" 713
"E:/Projects/GarlicGames/ld32/Content/Atlas/sprite_walking_Sprite_20.uasset" 714
"E:/Projects/GarlicGames/ld32/Content/Atlas/sprite_walking_Sprite_2.uasset" 715
"E:/Projects/GarlicGames/ld32/Content/Atlas/sprite_walking_Sprite_19.uasset" 716
"E:/Projects/GarlicGames/ld32/Content/Atlas/sprite_walking_Sprite_18.uasset" 717
"E:/Projects/GarlicGames/ld32/Content/Atlas/sprite_walking_Sprite_17.uasset" 718
"E:/Projects/GarlicGames/ld32/Content/Atlas/sprite_walking_Sprite_16.uasset" 719
"E:/Projects/GarlicGames/ld32/Content/Atlas/sprite_walking_Sprite_15.uasset" 720
"E:/Projects/GarlicGames/ld32/Content/Atlas/sprite_walking_Sprite_14.uasset" 721
"E:/Projects/GarlicGames/ld32/Content/Atlas/sprite_walking_Sprite_13.uasset" 722
"E:/Projects/GarlicGames/ld32/Content/Atlas/sprite_walking_Sprite_12.uasset" 723
"E:/Projects/GarlicGames/ld32/Content/Atlas/sprite_walking_Sprite_11.uasset" 724
"E:/Projects/GarlicGames/ld32/Content/Atlas/sprite_walking_Sprite_10.uasset" 725
"E:/Projects/GarlicGames/ld32/Content/Atlas/sprite_walking_Sprite_1.uasset" 726
"E:/Projects/GarlicGames/ld32/Content/Atlas/sprite_walking_Sprite_0.uasset" 727
"E:/Projects/GarlicGames/ld32/Content/Atlas/sprite_walking.uasset" 728
"E:/Projects/GarlicGames/ld32/Content/Atlas/sprite_tables_Sprite_9.uasset" 729
"E:/Projects/GarlicGames/ld32/Content/Atlas/sprite_tables_Sprite_8.uasset" 730
"E:/Projects/GarlicGames/ld32/Content/Atlas/sprite_tables_Sprite_7.uasset" 731
"E:/Projects/GarlicGames/ld32/Content/Atlas/sprite_tables_Sprite_6.uasset" 732
"E:/Projects/GarlicGames/ld32/Content/Atlas/sprite_tables_Sprite_5.uasset" 733
"E:/Projects/GarlicGames/ld32/Content/Atlas/sprite_tables_Sprite_4.uasset" 734
"E:/Projects/GarlicGames/ld32/Content/Atlas/sprite_tables_Sprite_3.uasset" 735
"E:/Projects/GarlicGames/ld32/Content/Atlas/sprite_tables_Sprite_2.uasset" 736
"E:/Projects/GarlicGames/ld32/Content/Atlas/sprite_tables_Sprite_18.uasset" 737
"E:/Projects/GarlicGames/ld32/Content/Atlas/sprite_tables_Sprite_17.uasset" 738
"E:/Projects/GarlicGames/ld32/Content/Atlas/sprite_tables_Sprite_16.uasset" 739
"E:/Projects/GarlicGames/ld32/Content/Atlas/sprite_tables_Sprite_15.uasset" 740
"E:/Projects/GarlicGames/ld32/Content/Atlas/sprite_tables_Sprite_14.uasset" 741
"E:/Projects/GarlicGames/ld32/Content/Atlas/sprite_tables_Sprite_13.uasset" 742
"E:/Projects/GarlicGames/ld32/Content/Atlas/sprite_tables_Sprite_12.uasset" 743
"E:/Projects/GarlicGames/ld32/Content/Atlas/sprite_tables_Sprite_11.uasset" 744
"E:/Projects/GarlicGames/ld32/Content/Atlas/sprite_tables_Sprite_10.uasset" 745
"E:/Projects/GarlicGames/ld32/Content/Atlas/sprite_tables_Sprite_1.uasset" 746
"E:/Projects/GarlicGames/ld32/Content/Atlas/sprite_tables_Sprite_0.uasset" 747
"E:/Projects/GarlicGames/ld32/Content/Atlas/sprite_tables_B_N_Sprite_9.uasset" 748
"E:/Projects/GarlicGames/ld32/Content/Atlas/sprite_tables_B_N_Sprite_8.uasset" 749
"E:/Projects/GarlicGames/ld32/Content/Atlas/sprite_tables_B_N_Sprite_7.uasset" 750
"E:/Projects/GarlicGames/ld32/Content/Atlas/sprite_tables_B_N_Sprite_6.uasset" 751
"E:/Projects/GarlicGames/ld32/Content/Atlas/sprite_tables_B_N_Sprite_5.uasset" 752
"E:/Projects/GarlicGames/ld32/Content/Atlas/sprite_tables_B_N_Sprite_4.uasset" 753
"E:/Projects/GarlicGames/ld32/Content/Atlas/sprite_tables_B_N_Sprite_3.uasset" 754
"E:/Projects/GarlicGames/ld32/Content/Atlas/sprite_tables_B_N_Sprite_2.uasset" 755
"E:/Projects/GarlicGames/ld32/Content/Atlas/sprite_tables_B_N_Sprite_18.uasset" 756
"E:/Projects/GarlicGames/ld32/Content/Atlas/sprite_tables_B_N_Sprite_17.uasset" 757
"E:/Projects/GarlicGames/ld32/Content/Atlas/sprite_tables_B_N_Sprite_16.uasset" 758
"E:/Projects/GarlicGames/ld32/Content/Atlas/sprite_tables_B_N_Sprite_15.uasset" 759
"E:/Projects/GarlicGames/ld32/Content/Atlas/sprite_tables_B_N_Sprite_14.uasset" 760
"E:/Projects/GarlicGames/ld32/Content/Atlas/sprite_tables_B_N_Sprite_13.uasset" 761
"E:/Projects/GarlicGames/ld32/Content/Atlas/sprite_tables_B_N_Sprite_12.uasset" 762
"E:/Projects/GarlicGames/ld32/Content/Atlas/sprite_tables_B_N_Sprite_11.uasset" 763
"E:/Projects/GarlicGames/ld32/Content/Atlas/sprite_tables_B_N_Sprite_10.uasset" 764
"E:/Projects/GarlicGames/ld32/Content/Atlas/sprite_tables_B_N_Sprite_1.uasset" 765
"E:/Projects/GarlicGames/ld32/Content/Atlas/sprite_tables_B_N_Sprite_0.uasset" 766
"E:/Projects/GarlicGames/ld32/Content/Atlas/sprite_pan_sprite22.uasset" 767
"E:/Projects/GarlicGames/ld32/Content/Atlas/sprite_pan_sprite13.uasset" 768
"E:/Projects/GarlicGames/ld32/Content/Atlas/sprite_oven_Sprite_21.uasset" 769
"E:/Projects/GarlicGames/ld32/Content/Atlas/sprite_oven_Sprite_20.uasset" 770
"E:/Projects/GarlicGames/ld32/Content/Atlas/sprite_jump_Sprite_9.uasset" 771
"E:/Projects/GarlicGames/ld32/Content/Atlas/sprite_jump_Sprite_8.uasset" 772
"E:/Projects/GarlicGames/ld32/Content/Atlas/sprite_jump_Sprite_7.uasset" 773
"E:/Projects/GarlicGames/ld32/Content/Atlas/sprite_jump_Sprite_6.uasset" 774
"E:/Projects/GarlicGames/ld32/Content/Atlas/sprite_jump_Sprite_5.uasset" 775
"E:/Projects/GarlicGames/ld32/Content/Atlas/sprite_jump_Sprite_4.uasset" 776
"E:/Projects/GarlicGames/ld32/Content/Atlas/sprite_jump_Sprite_3.uasset" 777
"E:/Projects/GarlicGames/ld32/Content/Atlas/sprite_jump_Sprite_2.uasset" 778
"E:/Projects/GarlicGames/ld32/Content/Atlas/sprite_jump_Sprite_11.uasset" 779
"E:/Projects/GarlicGames/ld32/Content/Atlas/sprite_jump_Sprite_10.uasset" 780
"E:/Projects/GarlicGames/ld32/Content/Atlas/sprite_jump_Sprite_1.uasset" 781
"E:/Projects/GarlicGames/ld32/Content/Atlas/sprite_jump_Sprite_0.uasset" 782
"E:/Projects/GarlicGames/ld32/Content/Atlas/sprite_instruction_Sprite.uasset" 783
"E:/Projects/GarlicGames/ld32/Content/Atlas/sprite_idle_Sprite_9.uasset" 784
"E:/Projects/GarlicGames/ld32/Content/Atlas/sprite_idle_Sprite_8.uasset" 785
"E:/Projects/GarlicGames/ld32/Content/Atlas/sprite_idle_Sprite_7.uasset" 786
"E:/Projects/GarlicGames/ld32/Content/Atlas/sprite_idle_Sprite_6.uasset" 787
"E:/Projects/GarlicGames/ld32/Content/Atlas/sprite_idle_Sprite_14.uasset" 788
"E:/Projects/GarlicGames/ld32/Content/Atlas/sprite_idle_Sprite_13.uasset" 789
"E:/Projects/GarlicGames/ld32/Content/Atlas/sprite_idle_Sprite_12.uasset" 790
"E:/Projects/GarlicGames/ld32/Content/Atlas/sprite_idle_Sprite_11.uasset" 791
"E:/Projects/GarlicGames/ld32/Content/Atlas/sprite_idle_Sprite_10.uasset" 792
"E:/Projects/GarlicGames/ld32/Content/Atlas/sprite_fire_Sprite_3.uasset" 793
"E:/Projects/GarlicGames/ld32/Content/Atlas/sprite_fire_Sprite_2.uasset" 794
"E:/Projects/GarlicGames/ld32/Content/Atlas/sprite_fire_Sprite_1.uasset" 795
"E:/Projects/GarlicGames/ld32/Content/Atlas/sprite_fire_Sprite_0.uasset" 796
"E:/Projects/GarlicGames/ld32/Content/Atlas/sprite_fires_Sprite_4.uasset" 797
"E:/Projects/GarlicGames/ld32/Content/Atlas/sprite_fires_Sprite_3.uasset" 798
"E:/Projects/GarlicGames/ld32/Content/Atlas/sprite_fires_Sprite_2.uasset" 799
"E:/Projects/GarlicGames/ld32/Content/Atlas/sprite_fires_Sprite_1.uasset" 800
"E:/Projects/GarlicGames/ld32/Content/Atlas/sprite_fires_Sprite_0.uasset" 801
"E:/Projects/GarlicGames/ld32/Content/Atlas/sprite_dead_Sprite_2.uasset" 802
"E:/Projects/GarlicGames/ld32/Content/Atlas/sprite_dead_Sprite_1.uasset" 803
"E:/Projects/GarlicGames/ld32/Content/Atlas/sprite_dead_Sprite_0.uasset" 804
"E:/Projects/GarlicGames/ld32/Content/Atlas/sprite_beak_Sprite_9.uasset" 805
"E:/Projects/GarlicGames/ld32/Content/Atlas/sprite_beak_Sprite_8.uasset" 806
"E:/Projects/GarlicGames/ld32/Content/Atlas/sprite_beak_Sprite_7.uasset" 807
"E:/Projects/GarlicGames/ld32/Content/Atlas/sprite_beak_Sprite_6.uasset" 808
"E:/Projects/GarlicGames/ld32/Content/Atlas/sprite_beak_Sprite_5.uasset" 809
"E:/Projects/GarlicGames/ld32/Content/Atlas/sprite_beak_Sprite_4.uasset" 810
"E:/Projects/GarlicGames/ld32/Content/Atlas/sprite_beak_Sprite_3.uasset" 811
"E:/Projects/GarlicGames/ld32/Content/Atlas/sprite_beak_Sprite_2.uasset" 812
"E:/Projects/GarlicGames/ld32/Content/Atlas/sprite_beak_Sprite_14.uasset" 813
"E:/Projects/GarlicGames/ld32/Content/Atlas/sprite_beak_Sprite_13.uasset" 814
"E:/Projects/GarlicGames/ld32/Content/Atlas/sprite_beak_Sprite_12.uasset" 815
"E:/Projects/GarlicGames/ld32/Content/Atlas/sprite_beak_Sprite_11.uasset" 816
"E:/Projects/GarlicGames/ld32/Content/Atlas/sprite_beak_Sprite_10.uasset" 817
"E:/Projects/GarlicGames/ld32/Content/Atlas/sprite_beak_Sprite_1.uasset" 818
"E:/Projects/GarlicGames/ld32/Content/Atlas/sprite_beak_Sprite_0.uasset" 819
"E:/Projects/GarlicGames/ld32/Content/Atlas/asset_scene_Sprite_9.uasset" 820
"E:/Projects/GarlicGames/ld32/Content/Atlas/asset_scene_Sprite_5.uasset" 821
"E:/Projects/GarlicGames/ld32/Content/Atlas/asset_scene_Sprite_4.uasset" 822
"E:/Projects/GarlicGames/ld32/Content/Atlas/asset_scene_Sprite_3.uasset" 823
"E:/Projects/GarlicGames/ld32/Content/Atlas/asset_scene_Sprite_2.uasset" 824
"E:/Projects/GarlicGames/ld32/Content/Atlas/asset_scene_Sprite_11.uasset" 825
"E:/Projects/GarlicGames/ld32/Content/Atlas/asset_scene_Sprite_10.uasset" 826
"E:/Projects/GarlicGames/ld32/Content/Atlas/asset_scene_Sprite_1.uasset" 827
"E:/Projects/GarlicGames/ld32/Content/Atlas/asset_scene_Sprite_0.uasset" 828
"E:/Projects/GarlicGames/ld32/Content/Atlas/asset_background_Sprite.uasset" 829
